\BOOKMARK [0][-]{chapter*.4}{\376\377\000I\000n\000t\000r\000o\000d\000u\000c\000t\000i\000o\000n}{}% 1
\BOOKMARK [0][-]{chapter.1}{\376\377\000S\000t\000a\000t\000e\000\040\000o\000f\000\040\000t\000h\000e\000\040\000a\000r\000t}{}% 2
\BOOKMARK [1][-]{section.1.1}{\376\377\000D\000i\000f\000f\000e\000r\000e\000n\000t\000i\000a\000l\000\040\000F\000l\000a\000t\000n\000e\000s\000s}{chapter.1}% 3
\BOOKMARK [1][-]{section.1.2}{\376\377\000G\000e\000n\000e\000r\000a\000l\000\040\000C\000o\000n\000t\000r\000o\000l\000\040\000A\000r\000c\000h\000i\000t\000e\000c\000t\000u\000r\000e}{chapter.1}% 4
\BOOKMARK [1][-]{section.1.3}{\376\377\000G\000e\000n\000e\000r\000a\000l\000\040\000C\000o\000n\000t\000r\000o\000l\000\040\000A\000p\000p\000r\000o\000a\000c\000h\000e\000s}{chapter.1}% 5
\BOOKMARK [2][-]{subsection.1.3.1}{\376\377\000M\000e\000t\000h\000o\000d\000\040\000o\000f\000\040\000L\000i\000n\000e\000a\000r\000i\000z\000a\000t\000i\000o\000n}{section.1.3}% 6
\BOOKMARK [2][-]{subsection.1.3.2}{\376\377\000N\000o\000n\000l\000i\000n\000e\000a\000r\000\040\000C\000o\000n\000t\000r\000o\000l\000\040\000M\000e\000t\000h\000o\000d\000s}{section.1.3}% 7
\BOOKMARK [1][-]{section.1.4}{\376\377\000M\000o\000d\000e\000l\000\040\000P\000r\000e\000d\000i\000c\000t\000i\000v\000e\000\040\000C\000o\000n\000t\000r\000o\000l}{chapter.1}% 8
\BOOKMARK [2][-]{subsection.1.4.1}{\376\377\000G\000e\000n\000e\000r\000a\000l\000\040\000I\000d\000e\000a}{section.1.4}% 9
\BOOKMARK [2][-]{subsection.1.4.2}{\376\377\000D\000e\000s\000i\000g\000n\000\040\000P\000a\000r\000a\000m\000e\000t\000e\000r\000s}{section.1.4}% 10
\BOOKMARK [2][-]{subsection.1.4.3}{\376\377\000B\000a\000s\000i\000c\000\040\000f\000o\000r\000m\000u\000l\000a\000t\000i\000o\000n\000\040\000o\000f\000\040\000a\000\040\000M\000P\000C\000\040\000p\000r\000o\000b\000l\000e\000m}{section.1.4}% 11
\BOOKMARK [2][-]{subsection.1.4.4}{\376\377\000D\000i\000f\000f\000e\000r\000e\000n\000t\000\040\000M\000P\000C\000\040\000M\000e\000t\000h\000o\000d\000s}{section.1.4}% 12
\BOOKMARK [3][-]{subsubsection.1.4.4.1}{\376\377\000S\000t\000r\000a\000t\000e\000g\000i\000e\000s\000\040\000t\000o\000\040\000I\000m\000p\000r\000o\000v\000e\000\040\000C\000o\000m\000p\000u\000t\000a\000t\000i\000o\000n\000a\000l\000\040\000T\000i\000m\000e}{subsection.1.4.4}% 13
\BOOKMARK [2][-]{subsection.1.4.5}{\376\377\000M\000P\000C\000\040\000a\000p\000p\000l\000i\000c\000a\000t\000i\000o\000n\000s\000\040\000o\000n\000\040\000q\000u\000a\000d\000r\000o\000t\000o\000r\000s}{section.1.4}% 14
\BOOKMARK [3][-]{subsubsection.1.4.5.1}{\376\377\000C\000e\000n\000t\000r\000a\000l\000i\000z\000e\000d\000\040\000M\000P\000C}{subsection.1.4.5}% 15
\BOOKMARK [3][-]{subsubsection.1.4.5.2}{\376\377\000N\000o\000n\000-\000c\000e\000n\000t\000r\000a\000l\000i\000z\000e\000d\000\040\000M\000P\000C}{subsection.1.4.5}% 16
\BOOKMARK [1][-]{section.1.5}{\376\377\000a\000c\000a\000d\000o\000s\000\040\040\023\000\040\000f\000a\000s\000t\000\040\000e\000m\000b\000e\000d\000d\000e\000d\000\040\000o\000p\000t\000i\000m\000a\000l\000\040\000c\000o\000n\000t\000r\000o\000l\000\040\000s\000o\000l\000v\000e\000r\000s}{chapter.1}% 17
\BOOKMARK [2][-]{subsection.1.5.1}{\376\377\000T\000h\000e\000\040\000d\000i\000f\000f\000e\000r\000e\000n\000c\000e\000\040\000b\000e\000t\000w\000e\000e\000n\000\040\000a\000c\000a\000d\000o\000s\000\040\000a\000n\000d\000\040\000o\000t\000h\000e\000r\000\040\000e\000m\000b\000e\000d\000d\000e\000d\000\040\000o\000p\000t\000i\000m\000a\000l\000\040\000c\000o\000n\000t\000r\000o\000l\000\040\000s\000o\000l\000v\000e\000r\000s}{section.1.5}% 18
\BOOKMARK [2][-]{subsection.1.5.2}{\376\377\000A\000l\000g\000o\000r\000i\000t\000h\000m\000\040\000c\000o\000m\000p\000o\000n\000e\000n\000t\000s\000\040\000f\000o\000r\000\040\000e\000m\000b\000e\000d\000d\000e\000d\000\040\000n\000o\000n\000l\000i\000n\000e\000a\000r\000\040\000o\000p\000t\000i\000m\000a\000l\000\040\000c\000o\000n\000t\000r\000o\000l}{section.1.5}% 19
\BOOKMARK [3][-]{subsubsection.1.5.2.1}{\376\377\000N\000o\000n\000l\000i\000n\000e\000a\000r\000\040\000O\000p\000t\000i\000m\000a\000l\000\040\000C\000o\000n\000t\000r\000o\000l}{subsection.1.5.2}% 20
\BOOKMARK [3][-]{subsubsection.1.5.2.2}{\376\377\000M\000u\000l\000t\000i\000p\000l\000e\000\040\000S\000h\000o\000o\000t\000i\000n\000g\000\040\000D\000i\000s\000c\000r\000e\000t\000i\000z\000a\000t\000i\000o\000n}{subsection.1.5.2}% 21
\BOOKMARK [3][-]{subsubsection.1.5.2.3}{\376\377\000G\000e\000n\000e\000r\000a\000l\000\040\000F\000o\000r\000m\000\040\000o\000f\000\040\000t\000h\000e\000\040\000R\000e\000s\000u\000l\000t\000i\000n\000g\000\040\000N\000o\000n\000l\000i\000n\000e\000a\000r\000\040\000P\000r\000o\000g\000r\000a\000m}{subsection.1.5.2}% 22
\BOOKMARK [3][-]{subsubsection.1.5.2.4}{\376\377\000S\000e\000q\000u\000e\000n\000t\000i\000a\000l\000\040\000Q\000u\000a\000d\000r\000a\000t\000i\000c\000\040\000P\000r\000o\000g\000r\000a\000m\000m\000i\000n\000g\000\040\000a\000n\000d\000\040\000R\000e\000a\000l\000-\000T\000i\000m\000e\000\040\000I\000t\000e\000r\000a\000t\000i\000o\000n\000s}{subsection.1.5.2}% 23
\BOOKMARK [3][-]{subsubsection.1.5.2.5}{\376\377\000N\000u\000m\000e\000r\000i\000c\000a\000l\000\040\000I\000n\000t\000e\000g\000r\000a\000t\000i\000o\000n\000\040\000a\000n\000d\000\040\000S\000e\000n\000s\000i\000t\000i\000v\000i\000t\000i\000e\000s}{subsection.1.5.2}% 24
\BOOKMARK [3][-]{subsubsection.1.5.2.6}{\376\377\000C\000o\000n\000v\000e\000x\000\040\000H\000e\000s\000s\000i\000a\000n\000\040\000A\000p\000p\000r\000o\000x\000i\000m\000a\000t\000i\000o\000n\000\040\000M\000e\000t\000h\000o\000d\000s}{subsection.1.5.2}% 25
\BOOKMARK [3][-]{subsubsection.1.5.2.7}{\376\377\000S\000t\000r\000u\000c\000t\000u\000r\000e\000-\000e\000x\000p\000l\000o\000i\000t\000i\000n\000g\000\040\000e\000m\000b\000e\000d\000d\000e\000d\000\040\000Q\000P\000\040\000s\000o\000l\000v\000e\000r\000s}{subsection.1.5.2}% 26
\BOOKMARK [3][-]{subsubsection.1.5.2.8}{\376\377\000R\000e\000a\000l\000-\000t\000i\000m\000e\000\040\000i\000t\000e\000r\000a\000t\000i\000o\000n\000s}{subsection.1.5.2}% 27
\BOOKMARK [3][-]{subsubsection.1.5.2.9}{\376\377\000P\000y\000t\000h\000o\000n\000\040\000I\000n\000t\000e\000r\000f\000a\000c\000e\000\040\000O\000v\000e\000r\000v\000i\000e\000w}{subsection.1.5.2}% 28
\BOOKMARK [1][-]{section.1.6}{\376\377\000F\000l\000i\000p\000\040\000m\000a\000n\000e\000u\000v\000e\000r\000s\000\040\000w\000i\000t\000h\000\040\000q\000u\000a\000d\000r\000o\000t\000o\000r\000s}{chapter.1}% 29
\BOOKMARK [2][-]{subsection.1.6.1}{\376\377\000P\000h\000y\000s\000i\000c\000s\000\040\000o\000f\000\040\000a\000\040\000q\000u\000a\000d\000r\000o\000t\000o\000r\000\040\000f\000l\000i\000p}{section.1.6}% 30
\BOOKMARK [2][-]{subsection.1.6.2}{\376\377\000C\000o\000n\000t\000r\000o\000l\000\040\000A\000p\000p\000r\000o\000a\000c\000h\000e\000s\000\040\000f\000o\000r\000\040\000M\000u\000l\000t\000i\000-\000F\000l\000i\000p\000\040\000M\000a\000n\000e\000u\000v\000e\000r\000s}{section.1.6}% 31
\BOOKMARK [3][-]{subsubsection.1.6.2.1}{\376\377\000H\000y\000b\000r\000i\000d\000\040\000S\000y\000s\000t\000e\000m\000s\000\040\000T\000h\000e\000o\000r\000y}{subsection.1.6.2}% 32
\BOOKMARK [3][-]{subsubsection.1.6.2.2}{\376\377\000O\000p\000e\000n\000-\000L\000o\000o\000p\000\040\000I\000t\000e\000r\000a\000t\000i\000v\000e\000\040\000L\000e\000a\000r\000n\000i\000n\000g}{subsection.1.6.2}% 33
\BOOKMARK [3][-]{subsubsection.1.6.2.3}{\376\377\000C\000l\000o\000s\000e\000d\000-\000L\000o\000o\000p\000\040\000A\000t\000t\000i\000t\000u\000d\000e\000\040\000C\000o\000n\000t\000r\000o\000l}{subsection.1.6.2}% 34
\BOOKMARK [2][-]{subsection.1.6.3}{\376\377\000S\000h\000o\000r\000t\000c\000o\000m\000i\000n\000g\000s\000\040\000o\000f\000\040\000C\000u\000r\000r\000e\000n\000t\000\040\000S\000t\000r\000a\000t\000e\000g\000i\000e\000s}{section.1.6}% 35
\BOOKMARK [0][-]{chapter.2}{\376\377\000M\000P\000C\000\040\000D\000e\000s\000i\000g\000n\000\040\000a\000n\000d\000\040\000S\000i\000m\000p\000l\000e\000\040\000S\000i\000m\000u\000l\000a\000t\000i\000o\000n\000s}{}% 36
\BOOKMARK [1][-]{section.2.1}{\376\377\000S\000y\000s\000t\000e\000m\000\040\000M\000o\000d\000e\000l\000i\000n\000g}{chapter.2}% 37
\BOOKMARK [2][-]{subsection.2.1.1}{\376\377\000N\000o\000t\000i\000o\000n\000\040\000o\000f\000\040\000P\000o\000s\000i\000t\000i\000o\000n\000\040\000a\000n\000d\000\040\000O\000r\000i\000e\000n\000t\000a\000t\000i\000o\000n}{section.2.1}% 38
\BOOKMARK [2][-]{subsection.2.1.2}{\376\377\000I\000n\000p\000u\000t\000s}{section.2.1}% 39
\BOOKMARK [2][-]{subsection.2.1.3}{\376\377\000D\000y\000n\000a\000m\000i\000c\000a\000l\000\040\000e\000q\000u\000a\000t\000i\000o\000n\000s}{section.2.1}% 40
\BOOKMARK [2][-]{subsection.2.1.4}{\376\377\000P\000l\000a\000n\000a\000r\000\040\000Q\000u\000a\000d\000r\000o\000t\000o\000r}{section.2.1}% 41
\BOOKMARK [2][-]{subsection.2.1.5}{\376\377\0003\000D\000\040\000Q\000u\000a\000d\000r\000o\000t\000o\000r}{section.2.1}% 42
\BOOKMARK [3][-]{subsubsection.2.1.5.1}{\376\377\000E\000q\000u\000a\000t\000i\000o\000n\000s\000\040\000o\000f\000\040\000M\000o\000t\000i\000o\000n\000\040\000w\000i\000t\000h\000\040\000E\000u\000l\000e\000r\000\040\000A\000n\000g\000l\000e\000s}{subsection.2.1.5}% 43
\BOOKMARK [0][-]{chapter.3}{\376\377\000E\000x\000p\000e\000r\000i\000m\000e\000n\000t\000s}{}% 44
\BOOKMARK [0][-]{chapter*.30}{\376\377\000C\000o\000n\000c\000l\000u\000s\000i\000o\000n}{}% 45
\BOOKMARK [0][-]{appendix.A}{\376\377\000P\000r\000o\000o\000f\000\040\000o\000f\000\040\000t\000h\000e\000o\000r\000e\000m\000\040\000?\000?}{}% 46
\BOOKMARK [0][-]{appendix.A}{\376\377\000B\000i\000b\000l\000i\000o\000g\000r\000a\000p\000h\000y}{}% 47
