This is pdfTeX, Version 3.141592653-2.6-1.40.22 (MiKTeX 21.3) (preloaded format=pdflatex 2021.4.12)  24 AUG 2021 23:36
entering extended mode
**./master_thesis_presentation.tex
(master_thesis_presentation.tex
LaTeX2e <2020-10-01> patch level 4
L3 programming layer <2021-02-18> xparse <2020-03-03> (thesisbeamer.cls
Document Class: thesisbeamer 09/09/2010, v1.0
(/home/elie/.miktex/texmfs/install/tex/latex/beamer/beamer.cls
Document Class: beamer 2021/02/09 v3.61 A class for typesetting presentations
(/home/elie/.miktex/texmfs/install/tex/latex/beamer/beamerbasemodes.sty
(/home/elie/.miktex/texmfs/install/tex/latex/etoolbox/etoolbox.sty
Package: etoolbox 2020/10/05 v2.5k e-TeX tools for LaTeX (JAW)
\etb@tempcnta=\count179
)
\beamer@tempbox=\box47
\beamer@tempcount=\count180
\c@beamerpauses=\count181

(/home/elie/.miktex/texmfs/install/tex/latex/beamer/beamerbasedecode.sty
\beamer@slideinframe=\count182
\beamer@minimum=\count183
\beamer@decode@box=\box48
)
\beamer@commentbox=\box49
\beamer@modecount=\count184
)
(/home/elie/.miktex/texmfs/install/tex/generic/iftex/ifpdf.sty
Package: ifpdf 2019/10/25 v3.4 ifpdf legacy package. Use iftex instead.

(/home/elie/.miktex/texmfs/install/tex/generic/iftex/iftex.sty
Package: iftex 2020/03/06 v1.0d TeX engine tests
))
\headdp=\dimen138
\footheight=\dimen139
\sidebarheight=\dimen140
\beamer@tempdim=\dimen141
\beamer@finalheight=\dimen142
\beamer@animht=\dimen143
\beamer@animdp=\dimen144
\beamer@animwd=\dimen145
\beamer@leftmargin=\dimen146
\beamer@rightmargin=\dimen147
\beamer@leftsidebar=\dimen148
\beamer@rightsidebar=\dimen149
\beamer@boxsize=\dimen150
\beamer@vboxoffset=\dimen151
\beamer@descdefault=\dimen152
\beamer@descriptionwidth=\dimen153
\beamer@lastskip=\skip47
\beamer@areabox=\box50
\beamer@animcurrent=\box51
\beamer@animshowbox=\box52
\beamer@sectionbox=\box53
\beamer@logobox=\box54
\beamer@linebox=\box55
\beamer@sectioncount=\count185
\beamer@subsubsectionmax=\count186
\beamer@subsectionmax=\count187
\beamer@sectionmax=\count188
\beamer@totalheads=\count189
\beamer@headcounter=\count190
\beamer@partstartpage=\count191
\beamer@sectionstartpage=\count192
\beamer@subsectionstartpage=\count193
\beamer@animationtempa=\count194
\beamer@animationtempb=\count195
\beamer@xpos=\count196
\beamer@ypos=\count197
\beamer@ypos@offset=\count198
\beamer@showpartnumber=\count199
\beamer@currentsubsection=\count266
\beamer@coveringdepth=\count267
\beamer@sectionadjust=\count268
\beamer@tocsectionnumber=\count269

(/home/elie/.miktex/texmfs/install/tex/latex/beamer/beamerbaseoptions.sty
(/home/elie/.miktex/texmfs/install/tex/latex/graphics/keyval.sty
Package: keyval 2014/10/28 v1.15 key=value parser (DPC)
\KV@toks@=\toks15
))
\beamer@paperwidth=\skip48
\beamer@paperheight=\skip49

(/home/elie/.miktex/texmfs/install/tex/latex/geometry/geometry.sty
Package: geometry 2020/01/02 v5.9 Page Geometry

(/home/elie/.miktex/texmfs/install/tex/generic/iftex/ifvtex.sty
Package: ifvtex 2019/10/25 v1.7 ifvtex legacy package. Use iftex instead.
)
\Gm@cnth=\count270
\Gm@cntv=\count271
\c@Gm@tempcnt=\count272
\Gm@bindingoffset=\dimen154
\Gm@wd@mp=\dimen155
\Gm@odd@mp=\dimen156
\Gm@even@mp=\dimen157
\Gm@layoutwidth=\dimen158
\Gm@layoutheight=\dimen159
\Gm@layouthoffset=\dimen160
\Gm@layoutvoffset=\dimen161
\Gm@dimlist=\toks16

(/home/elie/.miktex/texmfs/install/tex/latex/geometry/geometry.cfg))
(/home/elie/.miktex/texmfs/install/tex/latex/base/size11.clo
File: size11.clo 2020/04/10 v1.4m Standard LaTeX file (size option)
)
(/home/elie/.miktex/texmfs/install/tex/latex/pgf/basiclayer/pgfcore.sty
(/home/elie/.miktex/texmfs/install/tex/latex/graphics/graphicx.sty
Package: graphicx 2020/09/09 v1.2b Enhanced LaTeX Graphics (DPC,SPQR)

(/home/elie/.miktex/texmfs/install/tex/latex/graphics/graphics.sty
Package: graphics 2020/08/30 v1.4c Standard LaTeX Graphics (DPC,SPQR)

(/home/elie/.miktex/texmfs/install/tex/latex/graphics/trig.sty
Package: trig 2016/01/03 v1.10 sin cos tan (DPC)
)
(/home/elie/.miktex/texmfs/install/tex/latex/graphics-cfg/graphics.cfg
File: graphics.cfg 2016/06/04 v1.11 sample graphics configuration
)
Package graphics Info: Driver file: pdftex.def on input line 105.

(/home/elie/.miktex/texmfs/install/tex/latex/graphics-def/pdftex.def
File: pdftex.def 2020/10/05 v1.2a Graphics/color driver for pdftex
))
\Gin@req@height=\dimen162
\Gin@req@width=\dimen163
)
(/home/elie/.miktex/texmfs/install/tex/latex/pgf/systemlayer/pgfsys.sty
(/home/elie/.miktex/texmfs/install/tex/latex/pgf/utilities/pgfrcs.sty
(/home/elie/.miktex/texmfs/install/tex/generic/pgf/utilities/pgfutil-common.tex
\pgfutil@everybye=\toks17
\pgfutil@tempdima=\dimen164
\pgfutil@tempdimb=\dimen165

(/home/elie/.miktex/texmfs/install/tex/generic/pgf/utilities/pgfutil-common-lis
ts.tex))
(/home/elie/.miktex/texmfs/install/tex/generic/pgf/utilities/pgfutil-latex.def
\pgfutil@abb=\box56
) (/home/elie/.miktex/texmfs/install/tex/generic/pgf/utilities/pgfrcs.code.tex
(/home/elie/.miktex/texmfs/install/tex/generic/pgf/pgf.revision.tex)
Package: pgfrcs 2020/12/27 v3.1.8b (3.1.8b)
))
(/home/elie/.miktex/texmfs/install/tex/generic/pgf/systemlayer/pgfsys.code.tex
Package: pgfsys 2020/12/27 v3.1.8b (3.1.8b)

(/home/elie/.miktex/texmfs/install/tex/generic/pgf/utilities/pgfkeys.code.tex
\pgfkeys@pathtoks=\toks18
\pgfkeys@temptoks=\toks19

(/home/elie/.miktex/texmfs/install/tex/generic/pgf/utilities/pgfkeysfiltered.co
de.tex
\pgfkeys@tmptoks=\toks20
))
\pgf@x=\dimen166
\pgf@y=\dimen167
\pgf@xa=\dimen168
\pgf@ya=\dimen169
\pgf@xb=\dimen170
\pgf@yb=\dimen171
\pgf@xc=\dimen172
\pgf@yc=\dimen173
\pgf@xd=\dimen174
\pgf@yd=\dimen175
\w@pgf@writea=\write3
\r@pgf@reada=\read2
\c@pgf@counta=\count273
\c@pgf@countb=\count274
\c@pgf@countc=\count275
\c@pgf@countd=\count276
\t@pgf@toka=\toks21
\t@pgf@tokb=\toks22
\t@pgf@tokc=\toks23
\pgf@sys@id@count=\count277
 (/home/elie/.miktex/texmfs/install/tex/generic/pgf/systemlayer/pgf.cfg
File: pgf.cfg 2020/12/27 v3.1.8b (3.1.8b)
)
Driver file for pgf: pgfsys-pdftex.def

(/home/elie/.miktex/texmfs/install/tex/generic/pgf/systemlayer/pgfsys-pdftex.de
f
File: pgfsys-pdftex.def 2020/12/27 v3.1.8b (3.1.8b)

(/home/elie/.miktex/texmfs/install/tex/generic/pgf/systemlayer/pgfsys-common-pd
f.def
File: pgfsys-common-pdf.def 2020/12/27 v3.1.8b (3.1.8b)
)))
(/home/elie/.miktex/texmfs/install/tex/generic/pgf/systemlayer/pgfsyssoftpath.c
ode.tex
File: pgfsyssoftpath.code.tex 2020/12/27 v3.1.8b (3.1.8b)
\pgfsyssoftpath@smallbuffer@items=\count278
\pgfsyssoftpath@bigbuffer@items=\count279
)
(/home/elie/.miktex/texmfs/install/tex/generic/pgf/systemlayer/pgfsysprotocol.c
ode.tex
File: pgfsysprotocol.code.tex 2020/12/27 v3.1.8b (3.1.8b)
)) (/home/elie/.miktex/texmfs/install/tex/latex/xcolor/xcolor.sty
Package: xcolor 2016/05/11 v2.12 LaTeX color extensions (UK)

(/home/elie/.miktex/texmfs/install/tex/latex/graphics-cfg/color.cfg
File: color.cfg 2016/01/02 v1.6 sample color configuration
)
Package xcolor Info: Driver file: pdftex.def on input line 225.
Package xcolor Info: Model `cmy' substituted by `cmy0' on input line 1348.
Package xcolor Info: Model `hsb' substituted by `rgb' on input line 1352.
Package xcolor Info: Model `RGB' extended on input line 1364.
Package xcolor Info: Model `HTML' substituted by `rgb' on input line 1366.
Package xcolor Info: Model `Hsb' substituted by `hsb' on input line 1367.
Package xcolor Info: Model `tHsb' substituted by `hsb' on input line 1368.
Package xcolor Info: Model `HSB' substituted by `hsb' on input line 1369.
Package xcolor Info: Model `Gray' substituted by `gray' on input line 1370.
Package xcolor Info: Model `wave' substituted by `hsb' on input line 1371.
)
(/home/elie/.miktex/texmfs/install/tex/generic/pgf/basiclayer/pgfcore.code.tex
Package: pgfcore 2020/12/27 v3.1.8b (3.1.8b)

(/home/elie/.miktex/texmfs/install/tex/generic/pgf/math/pgfmath.code.tex
(/home/elie/.miktex/texmfs/install/tex/generic/pgf/math/pgfmathcalc.code.tex
(/home/elie/.miktex/texmfs/install/tex/generic/pgf/math/pgfmathutil.code.tex)
(/home/elie/.miktex/texmfs/install/tex/generic/pgf/math/pgfmathparser.code.tex
\pgfmath@dimen=\dimen176
\pgfmath@count=\count280
\pgfmath@box=\box57
\pgfmath@toks=\toks24
\pgfmath@stack@operand=\toks25
\pgfmath@stack@operation=\toks26
)
(/home/elie/.miktex/texmfs/install/tex/generic/pgf/math/pgfmathfunctions.code.t
ex
(/home/elie/.miktex/texmfs/install/tex/generic/pgf/math/pgfmathfunctions.basic.
code.tex)
(/home/elie/.miktex/texmfs/install/tex/generic/pgf/math/pgfmathfunctions.trigon
ometric.code.tex)
(/home/elie/.miktex/texmfs/install/tex/generic/pgf/math/pgfmathfunctions.random
.code.tex)
(/home/elie/.miktex/texmfs/install/tex/generic/pgf/math/pgfmathfunctions.compar
ison.code.tex)
(/home/elie/.miktex/texmfs/install/tex/generic/pgf/math/pgfmathfunctions.base.c
ode.tex)
(/home/elie/.miktex/texmfs/install/tex/generic/pgf/math/pgfmathfunctions.round.
code.tex)
(/home/elie/.miktex/texmfs/install/tex/generic/pgf/math/pgfmathfunctions.misc.c
ode.tex)
(/home/elie/.miktex/texmfs/install/tex/generic/pgf/math/pgfmathfunctions.intege
rarithmetics.code.tex)))
(/home/elie/.miktex/texmfs/install/tex/generic/pgf/math/pgfmathfloat.code.tex
\c@pgfmathroundto@lastzeros=\count281
)) (/home/elie/.miktex/texmfs/install/tex/generic/pgf/math/pgfint.code.tex)
(/home/elie/.miktex/texmfs/install/tex/generic/pgf/basiclayer/pgfcorepoints.cod
e.tex
File: pgfcorepoints.code.tex 2020/12/27 v3.1.8b (3.1.8b)
\pgf@picminx=\dimen177
\pgf@picmaxx=\dimen178
\pgf@picminy=\dimen179
\pgf@picmaxy=\dimen180
\pgf@pathminx=\dimen181
\pgf@pathmaxx=\dimen182
\pgf@pathminy=\dimen183
\pgf@pathmaxy=\dimen184
\pgf@xx=\dimen185
\pgf@xy=\dimen186
\pgf@yx=\dimen187
\pgf@yy=\dimen188
\pgf@zx=\dimen189
\pgf@zy=\dimen190
)
(/home/elie/.miktex/texmfs/install/tex/generic/pgf/basiclayer/pgfcorepathconstr
uct.code.tex
File: pgfcorepathconstruct.code.tex 2020/12/27 v3.1.8b (3.1.8b)
\pgf@path@lastx=\dimen191
\pgf@path@lasty=\dimen192
)
(/home/elie/.miktex/texmfs/install/tex/generic/pgf/basiclayer/pgfcorepathusage.
code.tex
File: pgfcorepathusage.code.tex 2020/12/27 v3.1.8b (3.1.8b)
\pgf@shorten@end@additional=\dimen193
\pgf@shorten@start@additional=\dimen194
)
(/home/elie/.miktex/texmfs/install/tex/generic/pgf/basiclayer/pgfcorescopes.cod
e.tex
File: pgfcorescopes.code.tex 2020/12/27 v3.1.8b (3.1.8b)
\pgfpic=\box58
\pgf@hbox=\box59
\pgf@layerbox@main=\box60
\pgf@picture@serial@count=\count282
)
(/home/elie/.miktex/texmfs/install/tex/generic/pgf/basiclayer/pgfcoregraphicsta
te.code.tex
File: pgfcoregraphicstate.code.tex 2020/12/27 v3.1.8b (3.1.8b)
\pgflinewidth=\dimen195
)
(/home/elie/.miktex/texmfs/install/tex/generic/pgf/basiclayer/pgfcoretransforma
tions.code.tex
File: pgfcoretransformations.code.tex 2020/12/27 v3.1.8b (3.1.8b)
\pgf@pt@x=\dimen196
\pgf@pt@y=\dimen197
\pgf@pt@temp=\dimen198
)
(/home/elie/.miktex/texmfs/install/tex/generic/pgf/basiclayer/pgfcorequick.code
.tex
File: pgfcorequick.code.tex 2020/12/27 v3.1.8b (3.1.8b)
)
(/home/elie/.miktex/texmfs/install/tex/generic/pgf/basiclayer/pgfcoreobjects.co
de.tex
File: pgfcoreobjects.code.tex 2020/12/27 v3.1.8b (3.1.8b)
)
(/home/elie/.miktex/texmfs/install/tex/generic/pgf/basiclayer/pgfcorepathproces
sing.code.tex
File: pgfcorepathprocessing.code.tex 2020/12/27 v3.1.8b (3.1.8b)
)
(/home/elie/.miktex/texmfs/install/tex/generic/pgf/basiclayer/pgfcorearrows.cod
e.tex
File: pgfcorearrows.code.tex 2020/12/27 v3.1.8b (3.1.8b)
\pgfarrowsep=\dimen199
)
(/home/elie/.miktex/texmfs/install/tex/generic/pgf/basiclayer/pgfcoreshade.code
.tex
File: pgfcoreshade.code.tex 2020/12/27 v3.1.8b (3.1.8b)
\pgf@max=\dimen256
\pgf@sys@shading@range@num=\count283
\pgf@shadingcount=\count284
)
(/home/elie/.miktex/texmfs/install/tex/generic/pgf/basiclayer/pgfcoreimage.code
.tex
File: pgfcoreimage.code.tex 2020/12/27 v3.1.8b (3.1.8b)

(/home/elie/.miktex/texmfs/install/tex/generic/pgf/basiclayer/pgfcoreexternal.c
ode.tex
File: pgfcoreexternal.code.tex 2020/12/27 v3.1.8b (3.1.8b)
\pgfexternal@startupbox=\box61
))
(/home/elie/.miktex/texmfs/install/tex/generic/pgf/basiclayer/pgfcorelayers.cod
e.tex
File: pgfcorelayers.code.tex 2020/12/27 v3.1.8b (3.1.8b)
)
(/home/elie/.miktex/texmfs/install/tex/generic/pgf/basiclayer/pgfcoretransparen
cy.code.tex
File: pgfcoretransparency.code.tex 2020/12/27 v3.1.8b (3.1.8b)
)
(/home/elie/.miktex/texmfs/install/tex/generic/pgf/basiclayer/pgfcorepatterns.c
ode.tex
File: pgfcorepatterns.code.tex 2020/12/27 v3.1.8b (3.1.8b)
)
(/home/elie/.miktex/texmfs/install/tex/generic/pgf/basiclayer/pgfcorerdf.code.t
ex
File: pgfcorerdf.code.tex 2020/12/27 v3.1.8b (3.1.8b)
))) (/home/elie/.miktex/texmfs/install/tex/latex/pgf/utilities/xxcolor.sty
Package: xxcolor 2003/10/24 ver 0.1
\XC@nummixins=\count285
\XC@countmixins=\count286
)
(/home/elie/.miktex/texmfs/install/tex/latex/base/atbegshi-ltx.sty
Package: atbegshi-ltx 2020/08/17 v1.0a Emulation of the original atbegshi packa
ge
with kernel methods
)
(/home/elie/.miktex/texmfs/install/tex/latex/hyperref/hyperref.sty
Package: hyperref 2021-02-27 v7.00k Hypertext links for LaTeX

(/home/elie/.miktex/texmfs/install/tex/generic/ltxcmds/ltxcmds.sty
Package: ltxcmds 2020-05-10 v1.25 LaTeX kernel commands for general use (HO)
)
(/home/elie/.miktex/texmfs/install/tex/generic/pdftexcmds/pdftexcmds.sty
Package: pdftexcmds 2020-06-27 v0.33 Utility functions of pdfTeX for LuaTeX (HO
)

(/home/elie/.miktex/texmfs/install/tex/generic/infwarerr/infwarerr.sty
Package: infwarerr 2019/12/03 v1.5 Providing info/warning/error messages (HO)
)
Package pdftexcmds Info: \pdf@primitive is available.
Package pdftexcmds Info: \pdf@ifprimitive is available.
Package pdftexcmds Info: \pdfdraftmode found.
)
(/home/elie/.miktex/texmfs/install/tex/generic/kvsetkeys/kvsetkeys.sty
Package: kvsetkeys 2019/12/15 v1.18 Key value parser (HO)
)
(/home/elie/.miktex/texmfs/install/tex/generic/kvdefinekeys/kvdefinekeys.sty
Package: kvdefinekeys 2019-12-19 v1.6 Define keys (HO)
)
(/home/elie/.miktex/texmfs/install/tex/generic/pdfescape/pdfescape.sty
Package: pdfescape 2019/12/09 v1.15 Implements pdfTeX's escape features (HO)
)
(/home/elie/.miktex/texmfs/install/tex/latex/hycolor/hycolor.sty
Package: hycolor 2020-01-27 v1.10 Color options for hyperref/bookmark (HO)
)
(/home/elie/.miktex/texmfs/install/tex/latex/letltxmacro/letltxmacro.sty
Package: letltxmacro 2019/12/03 v1.6 Let assignment for LaTeX macros (HO)
)
(/home/elie/.miktex/texmfs/install/tex/latex/auxhook/auxhook.sty
Package: auxhook 2019-12-17 v1.6 Hooks for auxiliary files (HO)
)
(/home/elie/.miktex/texmfs/install/tex/latex/kvoptions/kvoptions.sty
Package: kvoptions 2020-10-07 v3.14 Key value format for package options (HO)
)
\@linkdim=\dimen257
\Hy@linkcounter=\count287
\Hy@pagecounter=\count288

(/home/elie/.miktex/texmfs/install/tex/latex/hyperref/pd1enc.def
File: pd1enc.def 2021-02-27 v7.00k Hyperref: PDFDocEncoding definition (HO)
Now handling font encoding PD1 ...
... no UTF-8 mapping file for font encoding PD1
)
(/home/elie/.miktex/texmfs/install/tex/latex/hyperref/hyperref-langpatches.def
File: hyperref-langpatches.def 2021-02-27 v7.00k Hyperref: patches for babel la
nguages
) (/home/elie/.miktex/texmfs/install/tex/generic/intcalc/intcalc.sty
Package: intcalc 2019/12/15 v1.3 Expandable calculations with integers (HO)
)
(/home/elie/.miktex/texmfs/install/tex/generic/etexcmds/etexcmds.sty
Package: etexcmds 2019/12/15 v1.7 Avoid name clashes with e-TeX commands (HO)
)
\Hy@SavedSpaceFactor=\count289

(/home/elie/.miktex/texmfs/install/tex/latex/hyperref/puenc.def
File: puenc.def 2021-02-27 v7.00k Hyperref: PDF Unicode definition (HO)
Now handling font encoding PU ...
... no UTF-8 mapping file for font encoding PU
)
Package hyperref Info: Option `bookmarks' set `true' on input line 4073.
Package hyperref Info: Option `bookmarksopen' set `true' on input line 4073.
Package hyperref Info: Option `implicit' set `false' on input line 4073.
Package hyperref Info: Hyper figures OFF on input line 4192.
Package hyperref Info: Link nesting OFF on input line 4197.
Package hyperref Info: Hyper index ON on input line 4200.
Package hyperref Info: Plain pages OFF on input line 4207.
Package hyperref Info: Backreferencing OFF on input line 4212.
Package hyperref Info: Implicit mode OFF; no redefinition of LaTeX internals.
Package hyperref Info: Bookmarks ON on input line 4445.
\c@Hy@tempcnt=\count290

(/home/elie/.miktex/texmfs/install/tex/latex/url/url.sty
\Urlmuskip=\muskip16
Package: url 2013/09/16  ver 3.4  Verb mode for urls, etc.
)
LaTeX Info: Redefining \url on input line 4804.
\XeTeXLinkMargin=\dimen258

(/home/elie/.miktex/texmfs/install/tex/generic/bitset/bitset.sty
Package: bitset 2019/12/09 v1.3 Handle bit-vector datatype (HO)

(/home/elie/.miktex/texmfs/install/tex/generic/bigintcalc/bigintcalc.sty
Package: bigintcalc 2019/12/15 v1.5 Expandable calculations on big integers (HO
)
))
\Fld@menulength=\count291
\Field@Width=\dimen259
\Fld@charsize=\dimen260
Package hyperref Info: Hyper figures OFF on input line 6075.
Package hyperref Info: Link nesting OFF on input line 6080.
Package hyperref Info: Hyper index ON on input line 6083.
Package hyperref Info: backreferencing OFF on input line 6090.
Package hyperref Info: Link coloring OFF on input line 6095.
Package hyperref Info: Link coloring with OCG OFF on input line 6100.
Package hyperref Info: PDF/A mode OFF on input line 6105.
LaTeX Info: Redefining \ref on input line 6145.
LaTeX Info: Redefining \pageref on input line 6149.
\Hy@abspage=\count292


Package hyperref Message: Stopped early.

)
Package hyperref Info: Driver (autodetected): hpdftex.
 (/home/elie/.miktex/texmfs/install/tex/latex/hyperref/hpdftex.def
File: hpdftex.def 2021-02-27 v7.00k Hyperref driver for pdfTeX

(/home/elie/.miktex/texmfs/install/tex/latex/base/atveryend-ltx.sty
Package: atveryend-ltx 2020/08/19 v1.0a Emulation of the original atvery packag
e
with kernel methods
)
\Fld@listcount=\count293
\c@bookmark@seq@number=\count294

(/home/elie/.miktex/texmfs/install/tex/latex/rerunfilecheck/rerunfilecheck.sty
Package: rerunfilecheck 2019/12/05 v1.9 Rerun checks for auxiliary files (HO)

(/home/elie/.miktex/texmfs/install/tex/generic/uniquecounter/uniquecounter.sty
Package: uniquecounter 2019/12/15 v1.4 Provide unlimited unique counter (HO)
)
Package uniquecounter Info: New unique counter `rerunfilecheck' on input line 2
86.
)) (/home/elie/.miktex/texmfs/install/tex/latex/beamer/beamerbaserequires.sty
(/home/elie/.miktex/texmfs/install/tex/latex/beamer/beamerbasecompatibility.sty
) (/home/elie/.miktex/texmfs/install/tex/latex/beamer/beamerbasefont.sty
(/home/elie/.miktex/texmfs/install/tex/latex/amsfonts/amssymb.sty
Package: amssymb 2013/01/14 v3.01 AMS font symbols

(/home/elie/.miktex/texmfs/install/tex/latex/amsfonts/amsfonts.sty
Package: amsfonts 2013/01/14 v3.01 Basic AMSFonts support
\@emptytoks=\toks27
\symAMSa=\mathgroup4
\symAMSb=\mathgroup5
LaTeX Font Info:    Redeclaring math symbol \hbar on input line 98.
LaTeX Font Info:    Overwriting math alphabet `\mathfrak' in version `bold'
(Font)                  U/euf/m/n --> U/euf/b/n on input line 106.
))
(/home/elie/.miktex/texmfs/install/tex/latex/sansmathaccent/sansmathaccent.sty
Package: sansmathaccent 2020/01/31

(/home/elie/.miktex/texmfs/install/tex/latex/koma-script/scrlfile.sty
Package: scrlfile 2020/09/21 v3.32 KOMA-Script package (file load hooks)

(/home/elie/.miktex/texmfs/install/tex/latex/koma-script/scrlfile-hook.sty
Package: scrlfile-hook 2020/09/21 v3.32 KOMA-Script package (using LaTeX hooks)


LaTeX3 Info: Defining command \BeforeFile with sig. 'm' on line 61.


LaTeX3 Info: Defining command \AfterFile with sig. 'm' on line 65.


LaTeX3 Info: Defining command \BeforeClass with sig. 'm' on line 69.


LaTeX3 Info: Defining command \BeforePackage with sig. 'm' on line 73.


LaTeX3 Info: Defining command \AfterAtEndOfClass with sig. 'smo+m' on line 83.


LaTeX3 Info: Defining command \AfterAtEndOfPackage with sig. 'smo+m' on line
(LaTeX3)     93.


LaTeX3 Info: Defining command \scrlfile@AfterClass with sig. 'smo+m' on line
(LaTeX3)     173.


LaTeX3 Info: Defining command \AfterClass with sig. '' on line 174.


LaTeX3 Info: Defining command \scrlfile@AfterPackage with sig. 'smo+m' on line
(LaTeX3)     191.


LaTeX3 Info: Defining command \AfterPackage with sig. '' on line 192.


LaTeX3 Info: Defining command \ReplaceInput with sig. '' on line 193.


LaTeX3 Info: Defining command \ReplaceClass with sig. 'mm' on line 196.


LaTeX3 Info: Defining command \ReplacePackage with sig. 'mm' on line 199.


LaTeX3 Info: Defining command \UnReplaceInput with sig. '' on line 200.


LaTeX3 Info: Defining command \UnReplaceClass with sig. 'm' on line 203.


LaTeX3 Info: Defining command \UnReplacePackage with sig. 'mm' on line 206.


LaTeX3 Info: Defining command \PreventPackageFromLoading with sig. 's+om' on
(LaTeX3)     line 234.


LaTeX3 Info: Defining command \StorePreventPackageFromLoading with sig. 'm' on
(LaTeX3)     line 242.


LaTeX3 Info: Defining command \ResetPreventPackageFromLoading with sig. '' on
(LaTeX3)     line 247.


LaTeX3 Info: Defining command \UnPreventPackageFromLoading with sig. 'sm' on
(LaTeX3)     line 261.


LaTeX3 Info: Defining command \BeforeClosingMainAux with sig. 'om' on line
(LaTeX3)     274.


LaTeX3 Info: Defining command \AfterReadingMainAux with sig. 'om' on line 287.


LaTeX3 Info: Defining command \protected@immediate@write with sig. 'm+m+m' on
(LaTeX3)     line 298.


(/home/elie/.miktex/texmfs/install/tex/latex/koma-script/scrlogo.sty
Package: scrlogo 2020/09/21 v3.32 KOMA-Script package (logo)
)))))
(/home/elie/.miktex/texmfs/install/tex/latex/beamer/beamerbasetranslator.sty
(/home/elie/.miktex/texmfs/install/tex/latex/translator/translator.sty
Package: translator 2020-08-03 v1.12c Easy translation of strings in LaTeX
))
(/home/elie/.miktex/texmfs/install/tex/latex/beamer/beamerbasemisc.sty)
(/home/elie/.miktex/texmfs/install/tex/latex/beamer/beamerbasetwoscreens.sty)
(/home/elie/.miktex/texmfs/install/tex/latex/beamer/beamerbaseoverlay.sty
\beamer@argscount=\count295
\beamer@lastskipcover=\skip50
\beamer@trivlistdepth=\count296
)
(/home/elie/.miktex/texmfs/install/tex/latex/beamer/beamerbasetitle.sty)
(/home/elie/.miktex/texmfs/install/tex/latex/beamer/beamerbasesection.sty
\c@lecture=\count297
\c@part=\count298
\c@section=\count299
\c@subsection=\count300
\c@subsubsection=\count301
)
(/home/elie/.miktex/texmfs/install/tex/latex/beamer/beamerbaseframe.sty
\beamer@framebox=\box62
\beamer@frametitlebox=\box63
\beamer@zoombox=\box64
\beamer@zoomcount=\count302
\beamer@zoomframecount=\count303
\beamer@frametextheight=\dimen261
\c@subsectionslide=\count304
\beamer@frametopskip=\skip51
\beamer@framebottomskip=\skip52
\beamer@frametopskipautobreak=\skip53
\beamer@framebottomskipautobreak=\skip54
\beamer@envbody=\toks28
\framewidth=\dimen262
\c@framenumber=\count305
)
(/home/elie/.miktex/texmfs/install/tex/latex/beamer/beamerbaseverbatim.sty
\beamer@verbatimfileout=\write4
)
(/home/elie/.miktex/texmfs/install/tex/latex/beamer/beamerbaseframesize.sty
\beamer@splitbox=\box65
\beamer@autobreakcount=\count306
\beamer@autobreaklastheight=\dimen263
\beamer@frametitletoks=\toks29
\beamer@framesubtitletoks=\toks30
)
(/home/elie/.miktex/texmfs/install/tex/latex/beamer/beamerbaseframecomponents.s
ty
\beamer@footins=\box66
) (/home/elie/.miktex/texmfs/install/tex/latex/beamer/beamerbasecolor.sty)
(/home/elie/.miktex/texmfs/install/tex/latex/beamer/beamerbasenotes.sty
\beamer@frameboxcopy=\box67
)
(/home/elie/.miktex/texmfs/install/tex/latex/beamer/beamerbasetoc.sty)
(/home/elie/.miktex/texmfs/install/tex/latex/beamer/beamerbasetemplates.sty
\beamer@sbttoks=\toks31

(/home/elie/.miktex/texmfs/install/tex/latex/beamer/beamerbaseauxtemplates.sty
(/home/elie/.miktex/texmfs/install/tex/latex/beamer/beamerbaseboxes.sty
\bmb@box=\box68
\bmb@colorbox=\box69
\bmb@boxwidth=\dimen264
\bmb@boxheight=\dimen265
\bmb@prevheight=\dimen266
\bmb@temp=\dimen267
\bmb@dima=\dimen268
\bmb@dimb=\dimen269
\bmb@prevheight=\dimen270
)
\beamer@blockheadheight=\dimen271
))
(/home/elie/.miktex/texmfs/install/tex/latex/beamer/beamerbaselocalstructure.st
y (/home/elie/.miktex/texmfs/install/tex/latex/latex-tools/enumerate.sty
Package: enumerate 2015/07/23 v3.00 enumerate extensions (DPC)
\@enLab=\toks32
)
\beamer@bibiconwidth=\skip55
\c@figure=\count307
\c@table=\count308
\abovecaptionskip=\skip56
\belowcaptionskip=\skip57
)
(/home/elie/.miktex/texmfs/install/tex/latex/beamer/beamerbasenavigation.sty
\beamer@section@min@dim=\dimen272
)
(/home/elie/.miktex/texmfs/install/tex/latex/beamer/beamerbasetheorems.sty
(/home/elie/.miktex/texmfs/install/tex/latex/amsmath/amsmath.sty
Package: amsmath 2020/09/23 v2.17i AMS math features
\@mathmargin=\skip58

For additional information on amsmath, use the `?' option.
(/home/elie/.miktex/texmfs/install/tex/latex/amsmath/amstext.sty
Package: amstext 2000/06/29 v2.01 AMS text

(/home/elie/.miktex/texmfs/install/tex/latex/amsmath/amsgen.sty
File: amsgen.sty 1999/11/30 v2.0 generic functions
\@emptytoks=\toks33
\ex@=\dimen273
))
(/home/elie/.miktex/texmfs/install/tex/latex/amsmath/amsbsy.sty
Package: amsbsy 1999/11/29 v1.2d Bold Symbols
\pmbraise@=\dimen274
)
(/home/elie/.miktex/texmfs/install/tex/latex/amsmath/amsopn.sty
Package: amsopn 2016/03/08 v2.02 operator names
)
\inf@bad=\count309
LaTeX Info: Redefining \frac on input line 234.
\uproot@=\count310
\leftroot@=\count311
LaTeX Info: Redefining \overline on input line 399.
\classnum@=\count312
\DOTSCASE@=\count313
LaTeX Info: Redefining \ldots on input line 496.
LaTeX Info: Redefining \dots on input line 499.
LaTeX Info: Redefining \cdots on input line 620.
\Mathstrutbox@=\box70
\strutbox@=\box71
\big@size=\dimen275
LaTeX Font Info:    Redeclaring font encoding OML on input line 743.
LaTeX Font Info:    Redeclaring font encoding OMS on input line 744.
\macc@depth=\count314
\c@MaxMatrixCols=\count315
\dotsspace@=\muskip17
\c@parentequation=\count316
\dspbrk@lvl=\count317
\tag@help=\toks34
\row@=\count318
\column@=\count319
\maxfields@=\count320
\andhelp@=\toks35
\eqnshift@=\dimen276
\alignsep@=\dimen277
\tagshift@=\dimen278
\tagwidth@=\dimen279
\totwidth@=\dimen280
\lineht@=\dimen281
\@envbody=\toks36
\multlinegap=\skip59
\multlinetaggap=\skip60
\mathdisplay@stack=\toks37
LaTeX Info: Redefining \[ on input line 2923.
LaTeX Info: Redefining \] on input line 2924.
)
(/home/elie/.miktex/texmfs/install/tex/latex/amscls/amsthm.sty
Package: amsthm 2020/05/29 v2.20.6
\thm@style=\toks38
\thm@bodyfont=\toks39
\thm@headfont=\toks40
\thm@notefont=\toks41
\thm@headpunct=\toks42
\thm@preskip=\skip61
\thm@postskip=\skip62
\thm@headsep=\skip63
\dth@everypar=\toks43
)
\c@theorem=\count321
)
(/home/elie/.miktex/texmfs/install/tex/latex/beamer/beamerbasethemes.sty))
(/home/elie/.miktex/texmfs/install/tex/latex/beamer/beamerthemedefault.sty
(/home/elie/.miktex/texmfs/install/tex/latex/beamer/beamerfontthemedefault.sty)

(/home/elie/.miktex/texmfs/install/tex/latex/beamer/beamercolorthemedefault.sty
)
(/home/elie/.miktex/texmfs/install/tex/latex/beamer/beamerinnerthemedefault.sty
\beamer@dima=\dimen282
\beamer@dimb=\dimen283
)
(/home/elie/.miktex/texmfs/install/tex/latex/beamer/beamerouterthemedefault.sty
))) (/home/elie/.miktex/texmfs/install/tex/latex/base/inputenc.sty
Package: inputenc 2020/08/01 v1.3d Input encoding file
\inpenc@prehook=\toks44
\inpenc@posthook=\toks45
)
(/home/elie/.miktex/texmfs/install/tex/latex/textpos/textpos.sty
Package: textpos 2020/09/26 v1.10

Package: textpos 2020/09/26 1.10, absolute positioning of text on the page
Package textpos Info: choosing support for LaTeX3 on input line 61.
\TP@textbox=\box72
\TP@holdbox=\box73
\TPHorizModule=\dimen284
\TPVertModule=\dimen285
\TP@margin=\dimen286
\TP@absmargin=\dimen287
Grid set 16 x 16 = 22.7622pt x 17.07166pt
\TPboxrulesize=\dimen288
\TP@ox=\dimen289
\TP@oy=\dimen290
\TP@tbargs=\toks46
TextBlockOrigin set to 0pt x 0pt
) (/home/elie/.miktex/texmfs/install/tex/latex/media9/media9.sty
(/home/elie/.miktex/texmfs/install/tex/latex/l3packages/l3keys2e/l3keys2e.sty
(/home/elie/.miktex/texmfs/install/tex/latex/l3kernel/expl3.sty
Package: expl3 2021-02-18 L3 programming layer (loader) 

(/home/elie/.miktex/texmfs/install/tex/latex/l3backend/l3backend-pdftex.def
File: l3backend-pdftex.def 2021-03-02 L3 backend support: PDF output (pdfTeX)
\l__color_backend_stack_int=\count322
\l__pdf_internal_box=\box74
))
Package: l3keys2e 2020-10-27 LaTeX2e option processing using LaTeX3 keys
)
Package: media9 2021/03/01 v1.15 acrobat-9/X compatible media
\g_mix_pkgresizeflag_int=\count323

(/home/elie/.miktex/texmfs/install/tex/latex/media9/pdfbase.sty
Package: pdfbase 2021/03/01 v0.46 driver independent access to low-level PDF fe
atures
\g_pbs_page_int=\count324
\g_pbs_oc_int=\count325
)
(/home/elie/.miktex/texmfs/install/tex/latex/ocgx2/ocgbase.sty
Package: ocgbase 2021/01/25 v0.18 support package for ocgx2.sty
\g_ocgbase_nd_int=\count326
)
\l_mix_poster_box=\box75
\g_mix_wd_dim=\dimen291
\g_mix_ht_dim=\dimen292
\g_mix_dp_dim=\dimen293
\g_mix_rmcnt_int=\count327
\l_mix_viewcnt_int=\count328
\g@mix@page@int=\count329
\g_mix_resizeflag_int=\count330
\l_mix_lineno_int=\count331

LaTeX3 Info: Defining command \addmediapath with sig. 'm' on line 745.

\l_mix_pbtn_box=\box76
\mix@btn@dim=\dimen294

LaTeX3 Info: Defining command \includemedia with sig. 'O{}mm' on line 1153.

\g_mix_mbtncnt_int=\count332

LaTeX3 Info: Defining command \mediabutton with sig. 'O{}m' on line 2359.

)
(/home/elie/.miktex/texmfs/install/tex/latex/beamer/multimedia.sty
Package: multimedia 2012/05/02 ver 0.02
\mm@movie=\count333
)
(/home/elie/.miktex/texmfs/install/tex/latex/latex-tools/array.sty
Package: array 2020/10/01 v2.5c Tabular extension package (FMi)
\col@sep=\dimen295
\ar@mcellbox=\box77
\extrarowheight=\dimen296
\NC@list=\toks47
\extratabsurround=\skip64
\backup@length=\skip65
\ar@cellbox=\box78
)
(/home/elie/.miktex/texmfs/install/tex/latex/base/fontenc.sty
Package: fontenc 2020/08/10 v2.0s Standard LaTeX package
)
(/home/elie/.miktex/texmfs/install/tex/latex/psnfss/helvet.sty
Package: helvet 2020/03/25 PSNFSS-v9.3 (WaS) 
)
(/home/elie/.miktex/texmfs/install/tex/latex/silence/silence.sty
Package: silence 2012/07/02 v1.5b Selective filtering of warnings and error mes
sages
\sl@Save=\count334
\sl@StateNumber=\count335
\sl@MessageCount=\count336
\sl@Casualties=\count337
\sl@Filter=\toks48
\sl@Message=\toks49
\sl@UnexpandedMessage=\toks50
\sl@Mess@ge=\toks51
\sl@WarningCount=\count338
\sl@WarningNumber=\count339
\sl@WarningCasualties=\count340
\sl@TempBOW=\toks52
\sl@BankOfWarnings=\toks53
LaTeX Info: Redefining \GenericWarning on input line 433.
\sl@ErrorCount=\count341
\sl@ErrorNumber=\count342
\sl@ErrorCasualties=\count343
\sl@TempBOE=\toks54
\sl@BankOfErrors=\toks55
LaTeX Info: Redefining \GenericError on input line 601.
)
(/home/elie/.miktex/texmfs/install/tex/latex/biblatex/biblatex.sty
Package: biblatex 2020/12/31 v3.16 programmable bibliographies (PK/MW)

(/home/elie/.miktex/texmfs/install/tex/latex/logreq/logreq.sty
Package: logreq 2010/08/04 v1.0 xml request logger
\lrq@indent=\count344

(/home/elie/.miktex/texmfs/install/tex/latex/logreq/logreq.def
File: logreq.def 2010/08/04 v1.0 logreq spec v1.0
))
(/home/elie/.miktex/texmfs/install/tex/latex/base/ifthen.sty
Package: ifthen 2014/09/29 v1.1c Standard LaTeX ifthen package (DPC)
)
\c@tabx@nest=\count345
\c@listtotal=\count346
\c@listcount=\count347
\c@liststart=\count348
\c@liststop=\count349
\c@citecount=\count350
\c@citetotal=\count351
\c@multicitecount=\count352
\c@multicitetotal=\count353
\c@instcount=\count354
\c@maxnames=\count355
\c@minnames=\count356
\c@maxitems=\count357
\c@minitems=\count358
\c@citecounter=\count359
\c@maxcitecounter=\count360
\c@savedcitecounter=\count361
\c@uniquelist=\count362
\c@uniquename=\count363
\c@refsection=\count364
\c@refsegment=\count365
\c@maxextratitle=\count366
\c@maxextratitleyear=\count367
\c@maxextraname=\count368
\c@maxextradate=\count369
\c@maxextraalpha=\count370
\c@abbrvpenalty=\count371
\c@highnamepenalty=\count372
\c@lownamepenalty=\count373
\c@maxparens=\count374
\c@parenlevel=\count375
\blx@tempcnta=\count376
\blx@tempcntb=\count377
\blx@tempcntc=\count378
\blx@maxsection=\count379
\blx@maxsegment@0=\count380
\blx@notetype=\count381
\blx@parenlevel@text=\count382
\blx@parenlevel@foot=\count383
\blx@sectionciteorder@0=\count384
\blx@entrysetcounter=\count385
\blx@biblioinstance=\count386
\labelnumberwidth=\skip66
\labelalphawidth=\skip67
\biblabelsep=\skip68
\bibitemsep=\skip69
\bibnamesep=\skip70
\bibinitsep=\skip71
\bibparsep=\skip72
\bibhang=\skip73
\blx@bcfin=\read3
\blx@bcfout=\write5
\blx@langwohyphens=\language1
\c@mincomprange=\count387
\c@maxcomprange=\count388
\c@mincompwidth=\count389
Package biblatex Info: Trying to load biblatex default data model...
Package biblatex Info: ... file 'blx-dm.def' found.

(/home/elie/.miktex/texmfs/install/tex/latex/biblatex/blx-dm.def
File: blx-dm.def 2020/12/31 v3.16 biblatex localization (PK/MW)
)
Package biblatex Info: Trying to load biblatex bibstyle data model...
Package biblatex Info: ... file 'authoryear.dbx' not found.
Package biblatex Info: Trying to load biblatex custom data model...
Package biblatex Info: ... file 'biblatex-dm.cfg' not found.
\c@afterword=\count390
\c@savedafterword=\count391
\c@annotator=\count392
\c@savedannotator=\count393
\c@author=\count394
\c@savedauthor=\count395
\c@bookauthor=\count396
\c@savedbookauthor=\count397
\c@commentator=\count398
\c@savedcommentator=\count399
\c@editor=\count400
\c@savededitor=\count401
\c@editora=\count402
\c@savededitora=\count403
\c@editorb=\count404
\c@savededitorb=\count405
\c@editorc=\count406
\c@savededitorc=\count407
\c@foreword=\count408
\c@savedforeword=\count409
\c@holder=\count410
\c@savedholder=\count411
\c@introduction=\count412
\c@savedintroduction=\count413
\c@namea=\count414
\c@savednamea=\count415
\c@nameb=\count416
\c@savednameb=\count417
\c@namec=\count418
\c@savednamec=\count419
\c@translator=\count420
\c@savedtranslator=\count421
\c@shortauthor=\count422
\c@savedshortauthor=\count423
\c@shorteditor=\count424
\c@savedshorteditor=\count425
\c@labelname=\count426
\c@savedlabelname=\count427
\c@institution=\count428
\c@savedinstitution=\count429
\c@lista=\count430
\c@savedlista=\count431
\c@listb=\count432
\c@savedlistb=\count433
\c@listc=\count434
\c@savedlistc=\count435
\c@listd=\count436
\c@savedlistd=\count437
\c@liste=\count438
\c@savedliste=\count439
\c@listf=\count440
\c@savedlistf=\count441
\c@location=\count442
\c@savedlocation=\count443
\c@organization=\count444
\c@savedorganization=\count445
\c@origlocation=\count446
\c@savedoriglocation=\count447
\c@origpublisher=\count448
\c@savedorigpublisher=\count449
\c@publisher=\count450
\c@savedpublisher=\count451
\c@language=\count452
\c@savedlanguage=\count453
\c@origlanguage=\count454
\c@savedoriglanguage=\count455
\c@pageref=\count456
\c@savedpageref=\count457
\shorthandwidth=\skip74
\shortjournalwidth=\skip75
\shortserieswidth=\skip76
\shorttitlewidth=\skip77
\shortauthorwidth=\skip78
\shorteditorwidth=\skip79
\locallabelnumberwidth=\skip80
\locallabelalphawidth=\skip81
\localshorthandwidth=\skip82
\localshortjournalwidth=\skip83
\localshortserieswidth=\skip84
\localshorttitlewidth=\skip85
\localshortauthorwidth=\skip86
\localshorteditorwidth=\skip87
Package biblatex Info: Trying to load compatibility code...
Package biblatex Info: ... file 'blx-compat.def' found.

(/home/elie/.miktex/texmfs/install/tex/latex/biblatex/blx-compat.def
File: blx-compat.def 2020/12/31 v3.16 biblatex compatibility (PK/MW)
)
Package biblatex Info: Trying to load BibTeX backend compatibility...
Package biblatex Info: ... file 'blx-bibtex.def' found.

(/home/elie/.miktex/texmfs/install/tex/latex/biblatex/blx-bibtex.def
File: blx-bibtex.def 2020/12/31 v3.16 biblatex compatibility (PK/MW)


Package biblatex Warning: Using fall-back BibTeX(8) backend:
(biblatex)                functionality may be reduced/unavailable.

)
Package biblatex Info: Trying to load generic definitions...
Package biblatex Info: ... file 'biblatex.def' found.
 (/home/elie/.miktex/texmfs/install/tex/latex/biblatex/biblatex.def
File: biblatex.def 2020/12/31 v3.16 biblatex compatibility (PK/MW)
\c@textcitecount=\count458
\c@textcitetotal=\count459
\c@textcitemaxnames=\count460
\c@biburlbigbreakpenalty=\count461
\c@biburlbreakpenalty=\count462
\c@biburlnumpenalty=\count463
\c@biburlucpenalty=\count464
\c@biburllcpenalty=\count465
\biburlbigskip=\muskip18
\biburlnumskip=\muskip19
\biburlucskip=\muskip20
\biburllcskip=\muskip21
\c@smartand=\count466
)
Package biblatex Info: Trying to load bibliography style 'authoryear'...
Package biblatex Info: ... file 'authoryear.bbx' found.

(/home/elie/.miktex/texmfs/install/tex/latex/biblatex/bbx/authoryear.bbx
File: authoryear.bbx 2020/12/31 v3.16 biblatex bibliography style (PK/MW)
Package biblatex Info: Trying to load bibliography style 'standard'...
Package biblatex Info: ... file 'standard.bbx' found.

(/home/elie/.miktex/texmfs/install/tex/latex/biblatex/bbx/standard.bbx
File: standard.bbx 2020/12/31 v3.16 biblatex bibliography style (PK/MW)
\c@bbx:relatedcount=\count467
\c@bbx:relatedtotal=\count468
))
Package biblatex Info: Trying to load citation style 'numeric'...
Package biblatex Info: ... file 'numeric.cbx' found.

(/home/elie/.miktex/texmfs/install/tex/latex/biblatex/cbx/numeric.cbx
File: numeric.cbx 2020/12/31 v3.16 biblatex citation style (PK/MW)
Package biblatex Info: Redefining '\cite'.
Package biblatex Info: Redefining '\parencite'.
Package biblatex Info: Redefining '\footcite'.
Package biblatex Info: Redefining '\footcitetext'.
Package biblatex Info: Redefining '\smartcite'.
Package biblatex Info: Redefining '\supercite'.
Package biblatex Info: Redefining '\textcite'.
Package biblatex Info: Redefining '\textcites'.
Package biblatex Info: Redefining '\cites'.
Package biblatex Info: Redefining '\parencites'.
Package biblatex Info: Redefining '\smartcites'.
)
Package biblatex Info: Trying to load configuration file...
Package biblatex Info: ... file 'biblatex.cfg' found.

(/home/elie/.miktex/texmfs/install/tex/latex/biblatex/biblatex.cfg
File: biblatex.cfg 
))
(/home/elie/.miktex/texmfs/install/tex/generic/genmisc/nth.sty
Package: nth 2002/02/27
)
(/home/elie/.miktex/texmfs/install/tex/latex/beamer/beamerthemeMadrid.sty
(/home/elie/.miktex/texmfs/install/tex/latex/beamer/beamercolorthemewhale.sty)
(/home/elie/.miktex/texmfs/install/tex/latex/beamer/beamercolorthemeorchid.sty)

(/home/elie/.miktex/texmfs/install/tex/latex/beamer/beamerinnerthemerounded.sty
)
(/home/elie/.miktex/texmfs/install/tex/latex/beamer/beamerouterthemeinfolines.s
ty))
(/home/elie/.miktex/texmfs/install/tex/latex/beamer/beamerinnerthemecircles.sty
)) (/home/elie/.miktex/texmfs/install/tex/latex/caption/caption.sty
Package: caption 2020/10/26 v3.5g Customizing captions (AR)

(/home/elie/.miktex/texmfs/install/tex/latex/caption/caption3.sty
Package: caption3 2020/10/21 v2.2e caption3 kernel (AR)
\captionmargin=\dimen297
\captionmargin@=\dimen298
\captionwidth=\dimen299
\caption@tempdima=\dimen300
\caption@indent=\dimen301
\caption@parindent=\dimen302
\caption@hangindent=\dimen303
Package caption Info: beamer document class detected.

(/home/elie/.miktex/texmfs/install/tex/latex/caption/caption-beamer.sto
File: caption-beamer.sto 2020/08/22 v2.0 Adaption of the caption package to the
 beamer document classes (AR)
))
\c@caption@flags=\count469
\c@continuedfloat=\count470
Package caption Info: hyperref package is loaded.
Package caption Info: Hyperref support is turned off
(caption)             because hyperref has stopped early.
)
(/home/elie/.miktex/texmfs/install/tex/latex/comment/comment.sty
\CommentStream=\write6

Excluding comment 'comment')
\sympureletters=\mathgroup6
LaTeX Font Info:    Overwriting symbol font `pureletters' in version `bold'
(Font)                  OT1/mathkerncmss/m/sl --> OT1/mathkerncmss/bx/sl on inp
ut line 7.

(/home/elie/.miktex/texmfs/install/tex/latex/latex-tools/bm.sty
Package: bm 2019/07/24 v1.2d Bold Symbol Support (DPC/FMi)
\symboldoperators=\mathgroup7
\symboldletters=\mathgroup8
\symboldsymbols=\mathgroup9
\symboldpureletters=\mathgroup10
LaTeX Font Info:    Redeclaring math alphabet \mathbf on input line 141.
LaTeX Info: Redefining \bm on input line 209.
)
(/home/elie/.miktex/texmfs/install/tex/latex/latex-tools/multicol.sty
Package: multicol 2019/12/09 v1.8y multicolumn formatting (FMi)
\c@tracingmulticols=\count471
\mult@box=\box79
\multicol@leftmargin=\dimen304
\c@unbalance=\count472
\c@collectmore=\count473
\doublecol@number=\count474
\multicoltolerance=\count475
\multicolpretolerance=\count476
\full@width=\dimen305
\page@free=\dimen306
\premulticols=\dimen307
\postmulticols=\dimen308
\multicolsep=\skip88
\multicolbaselineskip=\skip89
\partial@page=\box80
\last@line=\box81
\maxbalancingoverflow=\dimen309
\mult@rightbox=\box82
\mult@grightbox=\box83
\mult@gfirstbox=\box84
\mult@firstbox=\box85
\@tempa=\box86
\@tempa=\box87
\@tempa=\box88
\@tempa=\box89
\@tempa=\box90
\@tempa=\box91
\@tempa=\box92
\@tempa=\box93
\@tempa=\box94
\@tempa=\box95
\@tempa=\box96
\@tempa=\box97
\@tempa=\box98
\@tempa=\box99
\@tempa=\box100
\@tempa=\box101
\@tempa=\box102
\@tempa=\box103
\@tempa=\box104
\@tempa=\box105
\@tempa=\box106
\@tempa=\box107
\@tempa=\box108
\@tempa=\box109
\@tempa=\box110
\@tempa=\box111
\@tempa=\box112
\@tempa=\box113
\@tempa=\box114
\@tempa=\box115
\@tempa=\box116
\@tempa=\box117
\@tempa=\box118
\@tempa=\box119
\@tempa=\box120
\@tempa=\box121
\@tempa=\box122
\c@minrows=\count477
\c@columnbadness=\count478
\c@finalcolumnbadness=\count479
\last@try=\dimen310
\multicolovershoot=\dimen311
\multicolundershoot=\dimen312
\mult@nat@firstbox=\box123
\colbreak@box=\box124
\mc@col@check@num=\count480
)
(/home/elie/.miktex/texmfs/install/tex/latex/latex-tools/tabularx.sty
Package: tabularx 2020/01/15 v2.11c `tabularx' package (DPC)
\TX@col@width=\dimen313
\TX@old@table=\dimen314
\TX@old@col=\dimen315
\TX@target=\dimen316
\TX@delta=\dimen317
\TX@cols=\count481
\TX@ftn=\toks56
)
(/home/elie/.miktex/texmfs/install/tex/latex/optidef/optidef.sty
Package: optidef 2019/04/23 - version=3.1, Package for defining optimization pr
oblems

(/home/elie/.miktex/texmfs/install/tex/latex/environ/environ.sty
Package: environ 2014/05/04 v0.3 A new way to define environments

(/home/elie/.miktex/texmfs/install/tex/latex/trimspaces/trimspaces.sty
Package: trimspaces 2009/09/17 v1.1 Trim spaces around a token list
))
(/home/elie/.miktex/texmfs/install/tex/latex/mathtools/mathtools.sty
Package: mathtools 2020/03/24 v1.24 mathematical typesetting tools

(/home/elie/.miktex/texmfs/install/tex/latex/latex-tools/calc.sty
Package: calc 2017/05/25 v4.3 Infix arithmetic (KKT,FJ)
\calc@Acount=\count482
\calc@Bcount=\count483
\calc@Adimen=\dimen318
\calc@Bdimen=\dimen319
\calc@Askip=\skip90
\calc@Bskip=\skip91
LaTeX Info: Redefining \setlength on input line 80.
LaTeX Info: Redefining \addtolength on input line 81.
\calc@Ccount=\count484
\calc@Cskip=\skip92
)
(/home/elie/.miktex/texmfs/install/tex/latex/mathtools/mhsetup.sty
Package: mhsetup 2017/03/31 v1.3 programming setup (MH)
)
LaTeX Info: Thecontrolsequence`\('isalreadyrobust on input line 130.
LaTeX Info: Thecontrolsequence`\)'isalreadyrobust on input line 130.
LaTeX Info: Thecontrolsequence`\['isalreadyrobust on input line 130.
LaTeX Info: Thecontrolsequence`\]'isalreadyrobust on input line 130.
\g_MT_multlinerow_int=\count485
\l_MT_multwidth_dim=\dimen320
\origjot=\skip93
\l_MT_shortvdotswithinadjustabove_dim=\dimen321
\l_MT_shortvdotswithinadjustbelow_dim=\dimen322
\l_MT_above_intertext_sep=\dimen323
\l_MT_below_intertext_sep=\dimen324
\l_MT_above_shortintertext_sep=\dimen325
\l_MT_below_shortintertext_sep=\dimen326
\xmathstrut@box=\box125
\xmathstrut@dim=\dimen327
)
(/home/elie/.miktex/texmfs/install/tex/latex/xifthen/xifthen.sty
Package: xifthen 2015/11/05 v1.4.0 Extended ifthen features

(/home/elie/.miktex/texmfs/install/tex/latex/ifmtarg/ifmtarg.sty
Package: ifmtarg 2018/04/16 v1.2b check for an empty argument
))
(/home/elie/.miktex/texmfs/install/tex/latex/l3packages/xparse/xparse.sty
Package: xparse 2020-10-27 L3 Experimental document command parser

(/home/elie/.miktex/texmfs/install/tex/latex/l3packages/xparse/xparse-generic.t
ex))
\widthInit=\skip94
) (/home/elie/.miktex/texmfs/install/tex/latex/caption/subcaption.sty
Package: subcaption 2020/10/07 v1.3j Sub-captions (AR)
\c@subfigure=\count486
\c@subtable=\count487
)

Package hyperref Warning: Token not allowed in a PDF string (Unicode):
(hyperref)                removing `\newline' on input line 19.


Package hyperref Warning: Token not allowed in a PDF string (Unicode):
(hyperref)                removing `\newline' on input line 19.

\@quotelevel=\count488
\@quotereset=\count489
LaTeX Font Info:    Trying to load font information for T1+phv on input line 41
.
(/home/elie/.miktex/texmfs/install/tex/latex/psnfss/t1phv.fd
File: t1phv.fd 2020/03/25 scalable font definitions for T1/phv.
)
(master_thesis_presentation.aux

LaTeX Warning: Label `fig:three graphs' multiply defined.

)
\openout1 = `master_thesis_presentation.aux'.

LaTeX Font Info:    Checking defaults for OML/cmm/m/it on input line 41.
LaTeX Font Info:    ... okay on input line 41.
LaTeX Font Info:    Checking defaults for OMS/cmsy/m/n on input line 41.
LaTeX Font Info:    ... okay on input line 41.
LaTeX Font Info:    Checking defaults for OT1/cmr/m/n on input line 41.
LaTeX Font Info:    ... okay on input line 41.
LaTeX Font Info:    Checking defaults for T1/cmr/m/n on input line 41.
LaTeX Font Info:    ... okay on input line 41.
LaTeX Font Info:    Checking defaults for TS1/cmr/m/n on input line 41.
LaTeX Font Info:    ... okay on input line 41.
LaTeX Font Info:    Checking defaults for OMX/cmex/m/n on input line 41.
LaTeX Font Info:    ... okay on input line 41.
LaTeX Font Info:    Checking defaults for U/cmr/m/n on input line 41.
LaTeX Font Info:    ... okay on input line 41.
LaTeX Font Info:    Checking defaults for PD1/pdf/m/n on input line 41.
LaTeX Font Info:    ... okay on input line 41.
LaTeX Font Info:    Checking defaults for PU/pdf/m/n on input line 41.
LaTeX Font Info:    ... okay on input line 41.

*geometry* driver: auto-detecting
*geometry* detected driver: pdftex
*geometry* verbose mode - [ preamble ] result:
* driver: pdftex
* paper: custom
* layout: <same size as paper>
* layoutoffset:(h,v)=(0.0pt,0.0pt)
* modes: includehead includefoot 
* h-part:(L,W,R)=(10.88002pt, 342.43532pt, 10.88002pt)
* v-part:(T,H,B)=(0.0pt, 273.14662pt, 0.0pt)
* \paperwidth=364.19536pt
* \paperheight=273.14662pt
* \textwidth=342.43532pt
* \textheight=244.6939pt
* \oddsidemargin=-61.38997pt
* \evensidemargin=-61.38997pt
* \topmargin=-72.26999pt
* \headheight=14.22636pt
* \headsep=0.0pt
* \topskip=11.0pt
* \footskip=14.22636pt
* \marginparwidth=4.0pt
* \marginparsep=10.0pt
* \columnsep=10.0pt
* \skip\footins=10.0pt plus 4.0pt minus 2.0pt
* \hoffset=0.0pt
* \voffset=0.0pt
* \mag=1000
* \@twocolumnfalse
* \@twosidefalse
* \@mparswitchfalse
* \@reversemarginfalse
* (1in=72.27pt=25.4mm, 1cm=28.453pt)

(/home/elie/.miktex/texmfs/install/tex/context/base/mkii/supp-pdf.mkii
[Loading MPS to PDF converter (version 2006.09.02).]
\scratchcounter=\count490
\scratchdimen=\dimen328
\scratchbox=\box126
\nofMPsegments=\count491
\nofMParguments=\count492
\everyMPshowfont=\toks57
\MPscratchCnt=\count493
\MPscratchDim=\dimen329
\MPnumerator=\count494
\makeMPintoPDFobject=\count495
\everyMPtoPDFconversion=\toks58
) (/home/elie/.miktex/texmfs/install/tex/latex/epstopdf-pkg/epstopdf-base.sty
Package: epstopdf-base 2020-01-24 v2.11 Base part for package epstopdf
Package epstopdf-base Info: Redefining graphics rule for `.eps' on input line 4
85.

(/usr/local/share/miktex-texmf/tex/latex/00miktex/epstopdf-sys.cfg
File: epstopdf-sys.cfg 2021/03/18 v2.0 Configuration of epstopdf for MiKTeX
))
Package hyperref Info: Link coloring OFF on input line 41.

(/home/elie/.miktex/texmfs/install/tex/latex/hyperref/nameref.sty
Package: nameref 2021-04-02 v2.47 Cross-referencing by name of section

(/home/elie/.miktex/texmfs/install/tex/latex/refcount/refcount.sty
Package: refcount 2019/12/15 v3.6 Data extraction from label references (HO)
)
(/home/elie/.miktex/texmfs/install/tex/generic/gettitlestring/gettitlestring.st
y
Package: gettitlestring 2019/12/15 v1.6 Cleanup title references (HO)
)
\c@section@level=\count496
)
LaTeX Info: Redefining \ref on input line 41.
LaTeX Info: Redefining \pageref on input line 41.
LaTeX Info: Redefining \nameref on input line 41.
 (master_thesis_presentation.out) (master_thesis_presentation.out)
\@outlinefile=\write7
\openout7 = `master_thesis_presentation.out'.

LaTeX Font Info:    Overwriting symbol font `operators' in version `normal'
(Font)                  OT1/cmr/m/n --> OT1/cmss/m/n on input line 41.
LaTeX Font Info:    Overwriting symbol font `operators' in version `bold'
(Font)                  OT1/cmr/bx/n --> OT1/cmss/b/n on input line 41.
\symnumbers=\mathgroup11
LaTeX Font Info:    Redeclaring symbol font `pureletters' on input line 41.
LaTeX Font Info:    Encoding `OT1' has changed to `T1' for symbol font
(Font)              `pureletters' in the math version `normal' on input line 41
.
LaTeX Font Info:    Overwriting symbol font `pureletters' in version `normal'
(Font)                  OT1/mathkerncmss/m/sl --> T1/phv/m/it on input line 41.

LaTeX Font Info:    Encoding `OT1' has changed to `T1' for symbol font
(Font)              `pureletters' in the math version `bold' on input line 41.
LaTeX Font Info:    Overwriting symbol font `pureletters' in version `bold'
(Font)                  OT1/mathkerncmss/bx/sl --> T1/phv/m/it on input line 41
.
LaTeX Font Info:    Overwriting math alphabet `\mathrm' in version `normal'
(Font)                  OT1/cmss/m/n --> T1/cmr/m/n on input line 41.
LaTeX Font Info:    Redeclaring math alphabet \mathbf on input line 41.
LaTeX Font Info:    Redeclaring math alphabet \mathsf on input line 41.
LaTeX Font Info:    Overwriting math alphabet `\mathsf' in version `normal'
(Font)                  OT1/cmss/m/n --> T1/phv/m/n on input line 41.
LaTeX Font Info:    Overwriting math alphabet `\mathsf' in version `bold'
(Font)                  OT1/cmss/bx/n --> T1/phv/m/n on input line 41.
LaTeX Font Info:    Redeclaring math alphabet \mathit on input line 41.
LaTeX Font Info:    Overwriting math alphabet `\mathit' in version `normal'
(Font)                  OT1/cmr/m/it --> T1/phv/m/it on input line 41.
LaTeX Font Info:    Overwriting math alphabet `\mathit' in version `bold'
(Font)                  OT1/cmr/bx/it --> T1/phv/m/it on input line 41.
LaTeX Font Info:    Redeclaring math alphabet \mathtt on input line 41.
LaTeX Font Info:    Overwriting math alphabet `\mathtt' in version `normal'
(Font)                  OT1/cmtt/m/n --> T1/cmtt/m/n on input line 41.
LaTeX Font Info:    Overwriting math alphabet `\mathtt' in version `bold'
(Font)                  OT1/cmtt/m/n --> T1/cmtt/m/n on input line 41.
LaTeX Font Info:    Overwriting symbol font `numbers' in version `bold'
(Font)                  T1/phv/m/n --> T1/phv/b/n on input line 41.
LaTeX Font Info:    Overwriting symbol font `pureletters' in version `bold'
(Font)                  T1/phv/m/it --> T1/phv/b/it on input line 41.
LaTeX Font Info:    Overwriting math alphabet `\mathrm' in version `bold'
(Font)                  OT1/cmss/b/n --> T1/cmr/b/n on input line 41.
LaTeX Font Info:    Overwriting math alphabet `\mathbf' in version `bold'
(Font)                  T1/phv/b/n --> T1/phv/b/n on input line 41.
LaTeX Font Info:    Overwriting math alphabet `\mathsf' in version `bold'
(Font)                  T1/phv/m/n --> T1/phv/b/n on input line 41.
LaTeX Font Info:    Overwriting math alphabet `\mathit' in version `bold'
(Font)                  T1/phv/m/it --> T1/phv/b/it on input line 41.
LaTeX Font Info:    Overwriting math alphabet `\mathtt' in version `bold'
(Font)                  T1/cmtt/m/n --> T1/cmtt/b/n on input line 41.
LaTeX Font Info:    Redeclaring symbol font `boldpureletters' on input line 41.

LaTeX Font Info:    Encoding `OT1' has changed to `T1' for symbol font
(Font)              `boldpureletters' in the math version `normal' on input lin
e 41.
LaTeX Font Info:    Overwriting symbol font `boldpureletters' in version `norma
l'
(Font)                  OT1/mathkerncmss/bx/sl --> T1/phv/bx/it on input line 4
1.
LaTeX Font Info:    Encoding `OT1' has changed to `T1' for symbol font
(Font)              `boldpureletters' in the math version `bold' on input line 
41.
LaTeX Font Info:    Overwriting symbol font `boldpureletters' in version `bold'

(Font)                  OT1/mathkerncmss/bx/sl --> T1/phv/bx/it on input line 4
1.

(/home/elie/.miktex/texmfs/install/tex/latex/translator/translator-basic-dictio
nary-English.dict
Dictionary: translator-basic-dictionary, Language: English 
)
(/home/elie/.miktex/texmfs/install/tex/latex/translator/translator-bibliography
-dictionary-English.dict
Dictionary: translator-bibliography-dictionary, Language: English 
)
(/home/elie/.miktex/texmfs/install/tex/latex/translator/translator-environment-
dictionary-English.dict
Dictionary: translator-environment-dictionary, Language: English 
)
(/home/elie/.miktex/texmfs/install/tex/latex/translator/translator-months-dicti
onary-English.dict
Dictionary: translator-months-dictionary, Language: English 
)
(/home/elie/.miktex/texmfs/install/tex/latex/translator/translator-numbers-dict
ionary-English.dict
Dictionary: translator-numbers-dictionary, Language: English 
)
(/home/elie/.miktex/texmfs/install/tex/latex/translator/translator-theorem-dict
ionary-English.dict
Dictionary: translator-theorem-dictionary, Language: English 
)
Package biblatex Info: Trying to load language 'english'...
Package biblatex Info: ... file 'english.lbx' found.

(/home/elie/.miktex/texmfs/install/tex/latex/biblatex/lbx/english.lbx
File: english.lbx 2020/12/31 v3.16 biblatex localization (PK/MW)
)
Package biblatex Info: Input encoding 'utf8' detected.
Package biblatex Info: Data encoding 'ascii' specified.
(biblatex)             No need to reencode data.
Package biblatex Info: Input encoding 'utf8' specified.
Package biblatex Info: Data encoding 'ascii' specified.
(biblatex)             No need to reencode data.
Package biblatex Info: Document encoding is UTF8 ....
Package biblatex Info: ... and expl3
(biblatex)             2021-02-18 L3 programming layer (loader) 
(biblatex)             is new enough (at least 2020/04/06),
(biblatex)             setting 'casechanger=expl3'.

(/home/elie/.miktex/texmfs/install/tex/latex/biblatex/blx-case-expl3.sty
Package: blx-case-expl3 2020/12/31 v3.16 expl3 case changing code for biblatex
)
\openout5 = `master_thesis_presentation-blx.bib'.

Package biblatex Info: Trying to load bibliographic data...
Package biblatex Info: ... file 'master_thesis_presentation.bbl' found.

(master_thesis_presentation.bbl)
Package biblatex Info: Reference section=0 on input line 41.
Package biblatex Info: Reference segment=0 on input line 41.
Package caption Info: Begin \AtBeginDocument code.
Package caption Info: End \AtBeginDocument code.
 (master_thesis_presentation.nav)
Overfull \hbox (34.8052pt too wide) in paragraph at lines 41--41
 [][][][]  
 []

<LogoECN.pdf, id=34, 384.11186pt x 192.05652pt>
File: LogoECN.pdf Graphic file (type pdf)
<use LogoECN.pdf>
Package pdftex.def Info: LogoECN.pdf  used on input line 43.
(pdftex.def)             Requested size: 72.83795pt x 36.41785pt.
<LogoIMARO.jpg, id=35, 667.49374pt x 327.2225pt>
File: LogoIMARO.jpg Graphic file (type jpg)
<use LogoIMARO.jpg>
Package pdftex.def Info: LogoIMARO.jpg  used on input line 43.
(pdftex.def)             Requested size: 54.62708pt x 26.77748pt.
<LogoEMARO.jpg, id=36, 667.49374pt x 327.2225pt>
File: LogoEMARO.jpg Graphic file (type jpg)
<use LogoEMARO.jpg>
Package pdftex.def Info: LogoEMARO.jpg  used on input line 43.
(pdftex.def)             Requested size: 54.62708pt x 26.77748pt.
<LogoJEMARO.png, id=37, 895.84688pt x 265.74281pt>
File: LogoJEMARO.png Graphic file (type png)
<use LogoJEMARO.png>
Package pdftex.def Info: LogoJEMARO.png  used on input line 43.
(pdftex.def)             Requested size: 72.83795pt x 21.60452pt.
[1

{/home/elie/.miktex/texmfs/data/pdftex/config/pdftex.map} <./LogoECN.pdf> <./Lo
goIMARO.jpg> <./LogoEMARO.jpg> <./LogoJEMARO.png>]
(master_thesis_presentation.toc)
Overfull \hbox (21.76004pt too wide) in paragraph at lines 48--48
[][][][] 
 []

[2

] (master_thesis_presentation.toc)
Overfull \hbox (21.76004pt too wide) in paragraph at lines 51--51
[][][][] 
 []

[3

]
<Images/Introduction/drone.jpg, id=81, 1927.2pt x 1284.8pt>
File: Images/Introduction/drone.jpg Graphic file (type jpg)
<use Images/Introduction/drone.jpg>
Package pdftex.def Info: Images/Introduction/drone.jpg  used on input line 79.
(pdftex.def)             Requested size: 154.09483pt x 102.72728pt.
LaTeX Font Info:    Trying to load font information for U+msa on input line 79.

 (/home/elie/.miktex/texmfs/install/tex/latex/amsfonts/umsa.fd
File: umsa.fd 2013/01/14 v3.01 AMS symbols A
)
LaTeX Font Info:    Trying to load font information for U+msb on input line 79.


(/home/elie/.miktex/texmfs/install/tex/latex/amsfonts/umsb.fd
File: umsb.fd 2013/01/14 v3.01 AMS symbols B
)
LaTeX Font Info:    Font shape `T1/phv/m/it' in size <6> not available
(Font)              Font shape `T1/phv/m/sl' tried instead on input line 79.
LaTeX Font Info:    Font shape `T1/phv/m/it' in size <5> not available
(Font)              Font shape `T1/phv/m/sl' tried instead on input line 79.
LaTeX Font Info:    Font shape `T1/phv/bx/it' in size <6> not available
(Font)              Font shape `T1/phv/b/it' tried instead on input line 79.
LaTeX Font Info:    Font shape `T1/phv/b/it' in size <6> not available
(Font)              Font shape `T1/phv/b/sl' tried instead on input line 79.
LaTeX Font Info:    Font shape `T1/phv/bx/it' in size <5> not available
(Font)              Font shape `T1/phv/b/it' tried instead on input line 79.
LaTeX Font Info:    Font shape `T1/phv/b/it' in size <5> not available
(Font)              Font shape `T1/phv/b/sl' tried instead on input line 79.
<Images/Introduction/propeller_direction.svg.png, id=82, 303.38344pt x 346.2937
5pt>
File: Images/Introduction/propeller_direction.svg.png Graphic file (type png)
<use Images/Introduction/propeller_direction.svg.png>
Package pdftex.def Info: Images/Introduction/propeller_direction.svg.png  used 
on input line 79.
(pdftex.def)             Requested size: 92.45784pt x 105.53752pt.
LaTeX Font Info:    Font shape `T1/phv/m/it' in size <9> not available
(Font)              Font shape `T1/phv/m/sl' tried instead on input line 79.
LaTeX Font Info:    Font shape `T1/phv/bx/it' in size <9> not available
(Font)              Font shape `T1/phv/b/it' tried instead on input line 79.
LaTeX Font Info:    Font shape `T1/phv/b/it' in size <9> not available
(Font)              Font shape `T1/phv/b/sl' tried instead on input line 79.
LaTeX Font Info:    Trying to load font information for T1+cmtt on input line 7
9.

(/home/elie/.miktex/texmfs/install/tex/latex/base/t1cmtt.fd
File: t1cmtt.fd 2019/12/16 v2.5j Standard LaTeX font definitions
)
Overfull \hbox (21.76004pt too wide) in paragraph at lines 79--79
[][][][] 
 []

[4

 <./Images/Introduction/drone.jpg> <./Images/Introduction/propeller_direction.s
vg.png>]
Overfull \hbox (21.76004pt too wide) in paragraph at lines 94--94
[][][][] 
 []

[5

]
Overfull \hbox (21.76004pt too wide) in paragraph at lines 112--112
[][][][] 
 []

[6

]
<Images/Introduction/flip.png, id=127, 841.64438pt x 614.295pt>
File: Images/Introduction/flip.png Graphic file (type png)
<use Images/Introduction/flip.png>
Package pdftex.def Info: Images/Introduction/flip.png  used on input line 150.
(pdftex.def)             Requested size: 123.27399pt x 89.96564pt.
<Images/Introduction/constrained_environment.png, id=128, 346.896pt x 231.264pt
>
File: Images/Introduction/constrained_environment.png Graphic file (type png)
<use Images/Introduction/constrained_environment.png>
Package pdftex.def Info: Images/Introduction/constrained_environment.png  used 
on input line 150.
(pdftex.def)             Requested size: 130.12709pt x 86.75201pt.
pdfTeX warning (ext4): destination with the same identifier (name{fig:three\040
graphs}) has been already used, duplicate ignored
<to be read again> 
                   \relax 
l.150 \end{frame}
                 
Overfull \hbox (21.76004pt too wide) in paragraph at lines 150--150
[][][][] 
 []

[7

 <./Images/Introduction/flip.png> <./Images/Introduction/constrained_environmen
t.png>]
<diagrams/general_control_architecture.png, id=142, 1721.43124pt x 577.15625pt>

File: diagrams/general_control_architecture.png Graphic file (type png)
<use diagrams/general_control_architecture.png>
Package pdftex.def Info: diagrams/general_control_architecture.png  used on inp
ut line 178.
(pdftex.def)             Requested size: 308.18968pt x 103.32881pt.
LaTeX Font Info:    Font shape `T1/phv/m/it' in size <10> not available
(Font)              Font shape `T1/phv/m/sl' tried instead on input line 178.
LaTeX Font Info:    Font shape `T1/phv/m/it' in size <7> not available
(Font)              Font shape `T1/phv/m/sl' tried instead on input line 178.
LaTeX Font Info:    Font shape `T1/phv/bx/it' in size <10> not available
(Font)              Font shape `T1/phv/b/it' tried instead on input line 178.
LaTeX Font Info:    Font shape `T1/phv/b/it' in size <10> not available
(Font)              Font shape `T1/phv/b/sl' tried instead on input line 178.
LaTeX Font Info:    Font shape `T1/phv/bx/it' in size <7> not available
(Font)              Font shape `T1/phv/b/it' tried instead on input line 178.
LaTeX Font Info:    Font shape `T1/phv/b/it' in size <7> not available
(Font)              Font shape `T1/phv/b/sl' tried instead on input line 178.

Overfull \hbox (21.76004pt too wide) in paragraph at lines 178--178
[][][][] 
 []

[8

 <./diagrams/general_control_architecture.png>]
Overfull \hbox (21.76004pt too wide) in paragraph at lines 210--210
[][][][] 
 []

[9

]
Overfull \hbox (21.76004pt too wide) in paragraph at lines 234--234
[][][][] 
 []

[10

] (master_thesis_presentation.toc)
Overfull \hbox (21.76004pt too wide) in paragraph at lines 236--236
[][][][] 
 []

[11

]
<Images/Control/MPC_general_idea.png, id=201, 1151.80313pt x 704.6325pt>
File: Images/Control/MPC_general_idea.png Graphic file (type png)
<use Images/Control/MPC_general_idea.png>
Package pdftex.def Info: Images/Control/MPC_general_idea.png  used on input lin
e 258.
(pdftex.def)             Requested size: 171.21765pt x 104.74416pt.

Overfull \hbox (21.76004pt too wide) in paragraph at lines 258--258
[][][][] 
 []

[12

 <./Images/Control/MPC_general_idea.png>]
Overfull \hbox (21.76004pt too wide) in paragraph at lines 286--286
[][][][] 
 []

[13

]
Overfull \hbox (21.76004pt too wide) in paragraph at lines 286--286
[][][][] 
 []

[14

]
Overfull \hbox (21.76004pt too wide) in paragraph at lines 312--312
[][][][] 
 []

[15

]
<Images/Control/centralized_mpc.png, id=245, 718.685pt x 282.05376pt>
File: Images/Control/centralized_mpc.png Graphic file (type png)
<use Images/Control/centralized_mpc.png>
Package pdftex.def Info: Images/Control/centralized_mpc.png  used on input line
 342.
(pdftex.def)             Requested size: 171.21765pt x 67.19504pt.

Overfull \hbox (21.76004pt too wide) in paragraph at lines 342--342
[][][][] 
 []

[16

 <./Images/Control/centralized_mpc.png>]
<Images/Control/non-centralized_mpc_1.png, id=254, 1036.87375pt x 278.03876pt>
File: Images/Control/non-centralized_mpc_1.png Graphic file (type png)
<use Images/Control/non-centralized_mpc_1.png>
Package pdftex.def Info: Images/Control/non-centralized_mpc_1.png  used on inpu
t line 363.
(pdftex.def)             Requested size: 239.70367pt x 64.27423pt.

Overfull \hbox (21.76004pt too wide) in paragraph at lines 363--363
[][][][] 
 []

[17

 <./Images/Control/non-centralized_mpc_1.png>]
<Images/Control/non-centralized_mpc_2.png, id=263, 1295.84125pt x 352.31625pt>
File: Images/Control/non-centralized_mpc_2.png Graphic file (type png)
<use Images/Control/non-centralized_mpc_2.png>
Package pdftex.def Info: Images/Control/non-centralized_mpc_2.png  used on inpu
t line 382.
(pdftex.def)             Requested size: 239.70367pt x 65.16673pt.

Overfull \hbox (21.76004pt too wide) in paragraph at lines 382--382
[][][][] 
 []

[18

 <./Images/Control/non-centralized_mpc_2.png>]
<Images/Control/non-centralized_mpc_3.png, id=272, 1298.8525pt x 567.11874pt>
File: Images/Control/non-centralized_mpc_3.png Graphic file (type png)
<use Images/Control/non-centralized_mpc_3.png>
Package pdftex.def Info: Images/Control/non-centralized_mpc_3.png  used on inpu
t line 395.
(pdftex.def)             Requested size: 239.70367pt x 104.65572pt.

Overfull \hbox (21.76004pt too wide) in paragraph at lines 395--395
[][][][] 
 []

[19

 <./Images/Control/non-centralized_mpc_3.png>]
(master_thesis_presentation.toc)
Overfull \hbox (21.76004pt too wide) in paragraph at lines 397--397
[][][][] 
 []

[20

]
Overfull \hbox (21.76004pt too wide) in paragraph at lines 423--423
[][][][] 
 []

[21

]
Overfull \hbox (21.76004pt too wide) in paragraph at lines 450--450
[][][][] 
 []

[22

]
<Images/acados/python_interface.png, id=325, 1170.3725pt x 758.835pt>
File: Images/acados/python_interface.png Graphic file (type png)
<use Images/acados/python_interface.png>
Package pdftex.def Info: Images/acados/python_interface.png  used on input line
 464.
(pdftex.def)             Requested size: 273.9493pt x 177.61993pt.

Overfull \hbox (21.76004pt too wide) in paragraph at lines 464--464
[][][][] 
 []

[23

 <./Images/acados/python_interface.png>] (master_thesis_presentation.toc)
Overfull \hbox (21.76004pt too wide) in paragraph at lines 468--468
[][][][] 
 []

[24

]
Overfull \hbox (21.76004pt too wide) in paragraph at lines 484--484
[][][][] 
 []

[25

]
Overfull \hbox (21.76004pt too wide) in paragraph at lines 507--507
[][][][] 
 []

[26

]
Overfull \hbox (21.76004pt too wide) in paragraph at lines 542--542
[][][][] 
 []

[27

]
Overfull \hbox (21.76004pt too wide) in paragraph at lines 586--586
[][][][] 
 []

[28

]
<Images/crazyflie/max_thrust.jpg, id=390, 2363.83125pt x 1964.33875pt>
File: Images/crazyflie/max_thrust.jpg Graphic file (type jpg)
<use Images/crazyflie/max_thrust.jpg>
Package pdftex.def Info: Images/crazyflie/max_thrust.jpg  used on input line 61
3.
(pdftex.def)             Requested size: 155.7825pt x 129.47409pt.

Overfull \hbox (21.76004pt too wide) in paragraph at lines 613--613
[][][][] 
 []

[29

 <./Images/crazyflie/max_thrust.jpg>]
LaTeX Font Info:    Font shape `T1/phv/m/it' in size <10.95> not available
(Font)              Font shape `T1/phv/m/sl' tried instead on input line 652.
LaTeX Font Info:    Font shape `T1/phv/m/it' in size <8> not available
(Font)              Font shape `T1/phv/m/sl' tried instead on input line 652.
LaTeX Font Info:    Font shape `T1/phv/bx/it' in size <10.95> not available
(Font)              Font shape `T1/phv/b/it' tried instead on input line 652.
LaTeX Font Info:    Font shape `T1/phv/b/it' in size <10.95> not available
(Font)              Font shape `T1/phv/b/sl' tried instead on input line 652.
LaTeX Font Info:    Font shape `T1/phv/bx/it' in size <8> not available
(Font)              Font shape `T1/phv/b/it' tried instead on input line 652.
LaTeX Font Info:    Font shape `T1/phv/b/it' in size <8> not available
(Font)              Font shape `T1/phv/b/sl' tried instead on input line 652.

Overfull \hbox (21.76004pt too wide) in paragraph at lines 652--652
[][][][] 
 []

[30

]
Overfull \hbox (21.76004pt too wide) in paragraph at lines 705--705
[][][][] 
 []

[31

]
Overfull \hbox (21.76004pt too wide) in paragraph at lines 744--744
[][][][] 
 []

[32

]
Overfull \hbox (21.76004pt too wide) in paragraph at lines 774--774
[][][][] 
 []

[33

]
Overfull \hbox (21.76004pt too wide) in paragraph at lines 814--814
[][][][] 
 []

[34

] (master_thesis_presentation.toc)
Overfull \hbox (21.76004pt too wide) in paragraph at lines 817--817
[][][][] 
 []

[35

]
<Images/Flip/Physics.PNG, id=454, 1944.5147pt x 783.67781pt>
File: Images/Flip/Physics.PNG Graphic file (type png)
<use Images/Flip/Physics.PNG>
Package pdftex.def Info: Images/Flip/Physics.PNG  used on input line 841.
(pdftex.def)             Requested size: 273.9493pt x 110.39574pt.

Overfull \hbox (21.76004pt too wide) in paragraph at lines 841--841
[][][][] 
 []

[36

 <./Images/Flip/Physics.PNG>]
Overfull \hbox (21.76004pt too wide) in paragraph at lines 871--871
[][][][] 
 []

[37

]
<triangle1.pdf, id=473, 146.385pt x 79.78506pt>
File: triangle1.pdf Graphic file (type pdf)
<use triangle1.pdf>
Package pdftex.def Info: triangle1.pdf  used on input line 929.
(pdftex.def)             Requested size: 136.97203pt x 74.6595pt.

Overfull \hbox (21.76004pt too wide) in paragraph at lines 929--929
[][][][] 
 []

[38

 <./triangle1.pdf>]
File: triangle1.pdf Graphic file (type pdf)
<use triangle1.pdf>
Package pdftex.def Info: triangle1.pdf  used on input line 929.
(pdftex.def)             Requested size: 136.97203pt x 74.6595pt.

Overfull \hbox (21.76004pt too wide) in paragraph at lines 929--929
[][][][] 
 []

[39

]
File: triangle1.pdf Graphic file (type pdf)
<use triangle1.pdf>
Package pdftex.def Info: triangle1.pdf  used on input line 929.
(pdftex.def)             Requested size: 136.97203pt x 74.6595pt.

Overfull \hbox (21.76004pt too wide) in paragraph at lines 929--929
[][][][] 
 []

[40

]
File: triangle1.pdf Graphic file (type pdf)
<use triangle1.pdf>
Package pdftex.def Info: triangle1.pdf  used on input line 929.
(pdftex.def)             Requested size: 136.97203pt x 74.6595pt.

Overfull \hbox (21.76004pt too wide) in paragraph at lines 929--929
[][][][] 
 []

[41

]
File: triangle1.pdf Graphic file (type pdf)
<use triangle1.pdf>
Package pdftex.def Info: triangle1.pdf  used on input line 929.
(pdftex.def)             Requested size: 136.97203pt x 74.6595pt.

Overfull \hbox (21.76004pt too wide) in paragraph at lines 929--929
[][][][] 
 []

[42

]
Overfull \hbox (21.76004pt too wide) in paragraph at lines 943--943
[][][][] 
 []

[43

]
Overfull \hbox (21.76004pt too wide) in paragraph at lines 943--943
[][][][] 
 []

[44

]
Overfull \hbox (21.76004pt too wide) in paragraph at lines 943--943
[][][][] 
 []

[45

]
Overfull \hbox (21.76004pt too wide) in paragraph at lines 943--943
[][][][] 
 []

[46

]
Overfull \hbox (21.76004pt too wide) in paragraph at lines 943--943
[][][][] 
 []

[47

]
Overfull \hbox (21.76004pt too wide) in paragraph at lines 957--957
[][][][] 
 []

[48

]
Overfull \hbox (21.76004pt too wide) in paragraph at lines 977--977
[][][][] 
 []

[49

]
Overfull \hbox (21.76004pt too wide) in paragraph at lines 977--977
[][][][] 
 []

[50

]
Overfull \hbox (21.76004pt too wide) in paragraph at lines 977--977
[][][][] 
 []

[51

]
Overfull \hbox (21.76004pt too wide) in paragraph at lines 1001--1001
[][][][] 
 []

[52

]
Overfull \hbox (21.76004pt too wide) in paragraph at lines 1001--1001
[][][][] 
 []

[53

]
Overfull \hbox (21.76004pt too wide) in paragraph at lines 1001--1001
[][][][] 
 []

[54

]
Overfull \hbox (21.76004pt too wide) in paragraph at lines 1001--1001
[][][][] 
 []

[55

]
Overfull \hbox (21.76004pt too wide) in paragraph at lines 1001--1001
[][][][] 
 []

[56

]
Overfull \hbox (21.76004pt too wide) in paragraph at lines 1001--1001
[][][][] 
 []

[57

]
\tf@nav=\write8
\openout8 = `master_thesis_presentation.nav'.

\tf@toc=\write9
\openout9 = `master_thesis_presentation.toc'.

\tf@snm=\write10
\openout10 = `master_thesis_presentation.snm'.

 (master_thesis_presentation.aux)

LaTeX Warning: There were multiply-defined labels.

Package rerunfilecheck Info: File `master_thesis_presentation.out' has not chan
ged.
(rerunfilecheck)             Checksum: AE1D186A64E29C48FB3B36C3B6191476;620.
Package logreq Info: Writing requests to 'master_thesis_presentation.run.xml'.
\openout1 = `master_thesis_presentation.run.xml'.

 ) 
Here is how much of TeX's memory you used:
 32478 strings out of 481266
 621000 string characters out of 2908708
 1112235 words of memory out of 3000000
 48837 multiletter control sequences out of 15000+600000
 507764 words of font info for 144 fonts, out of 8000000 for 9000
 0 hyphenation exceptions out of 8191
 145i,15n,146p,1894b,1413s stack positions out of 5000i,500n,10000p,200000b,80000s
 </home/elie/.miktex/texmfs/data/fonts/pk/ljfour/jknappen/ec/dpi600/ectt1095.
pk> </home/elie/.miktex/texmfs/data/fonts/pk/ljfour/jknappen/ec/dpi600/ecrm1095
.pk> </home/elie/.miktex/texmfs/data/fonts/pk/ljfour/jknappen/ec/dpi600/ecrm090
0.pk> </home/elie/.miktex/texmfs/data/fonts/pk/ljfour/jknappen/ec/dpi600/ectt09
00.pk>{/home/elie/.miktex/texmfs/install/fonts/enc/dvips/base/8r.enc} </home/el
ie/.miktex/texmfs/data/fonts/pk/ljfour/jknappen/ec/dpi450/ectt0800.pk></home/el
ie/.miktex/texmfs/install/fonts/type1/public/amsfonts/cm/cmex10.pfb></home/elie
/.miktex/texmfs/install/fonts/type1/public/amsfonts/cmextra/cmex9.pfb></home/el
ie/.miktex/texmfs/install/fonts/type1/public/amsfonts/cm/cmmi10.pfb></home/elie
/.miktex/texmfs/install/fonts/type1/public/amsfonts/cm/cmmi6.pfb></home/elie/.m
iktex/texmfs/install/fonts/type1/public/amsfonts/cm/cmmi8.pfb></home/elie/.mikt
ex/texmfs/install/fonts/type1/public/amsfonts/cm/cmmi9.pfb></home/elie/.miktex/
texmfs/install/fonts/type1/public/amsfonts/cmextra/cmmib9.pfb></home/elie/.mikt
ex/texmfs/install/fonts/type1/public/amsfonts/cm/cmss10.pfb></home/elie/.miktex
/texmfs/install/fonts/type1/public/amsfonts/cm/cmss8.pfb></home/elie/.miktex/te
xmfs/install/fonts/type1/public/amsfonts/cm/cmss9.pfb></home/elie/.miktex/texmf
s/install/fonts/type1/public/amsfonts/cm/cmsy10.pfb></home/elie/.miktex/texmfs/
install/fonts/type1/public/amsfonts/cm/cmsy5.pfb></home/elie/.miktex/texmfs/ins
tall/fonts/type1/public/amsfonts/cm/cmsy6.pfb></home/elie/.miktex/texmfs/instal
l/fonts/type1/public/amsfonts/cm/cmsy8.pfb></home/elie/.miktex/texmfs/install/f
onts/type1/public/amsfonts/cm/cmsy9.pfb></home/elie/.miktex/texmfs/install/font
s/type1/public/amsfonts/symbols/msam10.pfb></home/elie/.miktex/texmfs/install/f
onts/type1/public/amsfonts/symbols/msam7.pfb></home/elie/.miktex/texmfs/install
/fonts/type1/public/amsfonts/symbols/msbm10.pfb></home/elie/.miktex/texmfs/inst
all/fonts/type1/urw/helvetic/uhvb8a.pfb></home/elie/.miktex/texmfs/install/font
s/type1/urw/helvetic/uhvbo8a.pfb></home/elie/.miktex/texmfs/install/fonts/type1
/urw/helvetic/uhvr8a.pfb></home/elie/.miktex/texmfs/install/fonts/type1/urw/hel
vetic/uhvro8a.pfb>
Output written on master_thesis_presentation.pdf (57 pages, 3593185 bytes).
PDF statistics:
 816 PDF objects out of 1000 (max. 8388607)
 138 named destinations out of 1000 (max. 500000)
 369 words of extra memory for PDF output out of 10000 (max. 10000000)

