[1.199s] DEBUG:colcon:Command line arguments: ['/usr/bin/colcon', 'list', '-p', '--base-paths', '/home/elie/CORO-IMARO/M2/Semester2/master_thesis_report/ecn_templates/report']
[1.199s] DEBUG:colcon:Parsed command line arguments: Namespace(base_paths=['/home/elie/CORO-IMARO/M2/Semester2/master_thesis_report/ecn_templates/report'], build_base='build', ignore_user_meta=False, log_base=None, log_level=None, main=<bound method ListVerb.main of <colcon_package_information.verb.list.ListVerb object at 0x7fe29cae44c0>>, metas=['./colcon.meta'], names_only=False, packages_above=None, packages_above_and_dependencies=None, packages_above_depth=None, packages_end=None, packages_ignore=None, packages_ignore_regex=None, packages_select=None, packages_select_build_failed=False, packages_select_by_dep=None, packages_select_regex=None, packages_select_test_failures=False, packages_skip=None, packages_skip_build_finished=False, packages_skip_by_dep=None, packages_skip_regex=None, packages_skip_test_passed=False, packages_skip_up_to=None, packages_start=None, packages_up_to=None, packages_up_to_regex=None, paths=None, paths_only=True, topological_graph=False, topological_graph_density=False, topological_graph_dot=False, topological_graph_dot_cluster=False, topological_graph_dot_include_skipped=False, topological_graph_legend=False, topological_order=False, verb_extension=<colcon_package_information.verb.list.ListVerb object at 0x7fe29cae44c0>, verb_name='list', verb_parser=<colcon_defaults.argument_parser.defaults.DefaultArgumentsDecorator object at 0x7fe29ca7b1c0>)
[1.299s] Level 1:colcon.colcon_core.package_discovery:discover_packages(colcon_meta) check parameters
[1.300s] Level 1:colcon.colcon_core.package_discovery:discover_packages(recursive) check parameters
[1.300s] Level 1:colcon.colcon_core.package_discovery:discover_packages(ignore) check parameters
[1.300s] Level 1:colcon.colcon_core.package_discovery:discover_packages(path) check parameters
[1.300s] Level 1:colcon.colcon_core.package_discovery:discover_packages(recursive) discover
[1.300s] INFO:colcon.colcon_core.package_discovery:Crawling recursively for packages in '/home/elie/CORO-IMARO/M2/Semester2/master_thesis_report/ecn_templates/report'
[1.301s] Level 1:colcon.colcon_core.package_identification:_identify(/home/elie/CORO-IMARO/M2/Semester2/master_thesis_report/ecn_templates/report) by extensions ['ignore', 'ignore_ament_install']
[1.301s] Level 1:colcon.colcon_core.package_identification:_identify(/home/elie/CORO-IMARO/M2/Semester2/master_thesis_report/ecn_templates/report) by extension 'ignore'
[1.301s] Level 1:colcon.colcon_core.package_identification:_identify(/home/elie/CORO-IMARO/M2/Semester2/master_thesis_report/ecn_templates/report) by extension 'ignore_ament_install'
[1.301s] Level 1:colcon.colcon_core.package_identification:_identify(/home/elie/CORO-IMARO/M2/Semester2/master_thesis_report/ecn_templates/report) by extensions ['colcon_pkg']
[1.301s] Level 1:colcon.colcon_core.package_identification:_identify(/home/elie/CORO-IMARO/M2/Semester2/master_thesis_report/ecn_templates/report) by extension 'colcon_pkg'
[1.301s] Level 1:colcon.colcon_core.package_identification:_identify(/home/elie/CORO-IMARO/M2/Semester2/master_thesis_report/ecn_templates/report) by extensions ['colcon_meta']
[1.301s] Level 1:colcon.colcon_core.package_identification:_identify(/home/elie/CORO-IMARO/M2/Semester2/master_thesis_report/ecn_templates/report) by extension 'colcon_meta'
[1.302s] Level 1:colcon.colcon_core.package_identification:_identify(/home/elie/CORO-IMARO/M2/Semester2/master_thesis_report/ecn_templates/report) by extensions ['ros']
[1.302s] Level 1:colcon.colcon_core.package_identification:_identify(/home/elie/CORO-IMARO/M2/Semester2/master_thesis_report/ecn_templates/report) by extension 'ros'
[1.327s] Level 1:colcon.colcon_core.package_identification:_identify(/home/elie/CORO-IMARO/M2/Semester2/master_thesis_report/ecn_templates/report) by extensions ['cmake', 'python']
[1.327s] Level 1:colcon.colcon_core.package_identification:_identify(/home/elie/CORO-IMARO/M2/Semester2/master_thesis_report/ecn_templates/report) by extension 'cmake'
[1.327s] Level 1:colcon.colcon_core.package_identification:_identify(/home/elie/CORO-IMARO/M2/Semester2/master_thesis_report/ecn_templates/report) by extension 'python'
[1.328s] Level 1:colcon.colcon_core.package_identification:_identify(/home/elie/CORO-IMARO/M2/Semester2/master_thesis_report/ecn_templates/report) by extensions ['python_setup_py']
[1.328s] Level 1:colcon.colcon_core.package_identification:_identify(/home/elie/CORO-IMARO/M2/Semester2/master_thesis_report/ecn_templates/report) by extension 'python_setup_py'
[1.328s] Level 1:colcon.colcon_core.package_identification:_identify(/home/elie/CORO-IMARO/M2/Semester2/master_thesis_report/ecn_templates/report/log) by extensions ['ignore', 'ignore_ament_install']
[1.329s] Level 1:colcon.colcon_core.package_identification:_identify(/home/elie/CORO-IMARO/M2/Semester2/master_thesis_report/ecn_templates/report/log) by extension 'ignore'
[1.329s] Level 1:colcon.colcon_core.package_identification:_identify(/home/elie/CORO-IMARO/M2/Semester2/master_thesis_report/ecn_templates/report/log) ignored
[1.329s] Level 1:colcon.colcon_core.package_discovery:discover_packages(recursive) using defaults
